#
# A fatal error has been detected by the Java Runtime Environment:
#
#  SIGSEGV (0xb) at pc=0xb57f9dcf, pid=5340, tid=3026185072
#
# JRE version: 6.0_20-b20
# Java VM: OpenJDK Client VM (19.0-b09 mixed mode, sharing linux-x86 )
# Derivative: IcedTea6 1.9.7
# Distribution: Ubuntu 10.10, package 6b20-1.9.7-0ubuntu1
# Problematic frame:
# J  org.jruby.parser.ParserSupport.cond0(Lorg/jruby/ast/Node;)Lorg/jruby/ast/Node;
#
# If you would like to submit a bug report, please include
# instructions how to reproduce the bug and visit:
#   https://bugs.launchpad.net/ubuntu/+source/openjdk-6/
#

---------------  T H R E A D  ---------------

Current thread (0xb47d9000):  JavaThread "Thread-6" daemon [_thread_in_Java, id=5413, stack(0xb44fe000,0xb45ff000)]

siginfo:si_signo=SIGSEGV: si_errno=0, si_code=128 (), si_addr=0x00000000

Registers:
EAX=0x824748e8, EBX=0xb45fad80, ECX=0xb45fad54, EDX=0x00000013
ESP=0xb45fad80, EBP=0xb45fae40, ESI=0x82475190, EDI=0x00000000
EIP=0xb57f9dcf, CR2=0x00000000, EFLAGS=0x00210246

Register to memory mapping:

EAX=0x824748e8
org.jruby.ast.NodeType 
 - klass: 'org/jruby/ast/NodeType'

EBX=0xb45fad80
0xb45fad80 is pointing into the stack for thread: 0xb47d9000
"Thread-6" daemon prio=10 tid=0xb47d9000 nid=0x1525 runnable [0x00000000]
   java.lang.Thread.State: RUNNABLE

ECX=0xb45fad54
0xb45fad54 is pointing into the stack for thread: 0xb47d9000
"Thread-6" daemon prio=10 tid=0xb47d9000 nid=0x1525 runnable [0x00000000]
   java.lang.Thread.State: RUNNABLE

EDX=0x00000013
0x00000013 is pointing to unknown location

ESP=0xb45fad80
0xb45fad80 is pointing into the stack for thread: 0xb47d9000
"Thread-6" daemon prio=10 tid=0xb47d9000 nid=0x1525 runnable [0x00000000]
   java.lang.Thread.State: RUNNABLE

EBP=0xb45fae40
0xb45fae40 is pointing into the stack for thread: 0xb47d9000
"Thread-6" daemon prio=10 tid=0xb47d9000 nid=0x1525 runnable [0x00000000]
   java.lang.Thread.State: RUNNABLE

ESI=0x82475190
[I 
 - klass: {type array int}
 - length: 111

EDI=0x00000000
0x00000000 is pointing to unknown location


Top of Stack: (sp=0xb45fad80)
0xb45fad80:   b45fad90 b45fae44 b572af20 7b9e85e0
0xb45fad90:   b45fadbc 8ffac6e0 b45faeb8 b56eecf8
0xb45fada0:   82474bd8 b45fada4 90269d38 b45fadcc
0xb45fadb0:   9026a628 00000000 7b9e86b0 7b9e7100
0xb45fadc0:   82475190 b45fae7c b572af20 7b9e8698
0xb45fadd0:   7b9e7100 00000000 b5775f2c b565ce21
0xb45fade0:   7b9e8698 7b9e86b0 b45fade8 90112fba
0xb45fadf0:   b45fae1c 90113768 00000000 90113030 

Instructions: (pc=0xb57f9dcf)
0xb57f9dbf:   86 1f 06 00 00 8b 74 24 40 8b 54 96 0c 83 fa 13
0xb57f9dcf:   0f 84 9d 02 00 00 83 fa 14 0f 84 d0 01 00 00 83 

Stack: [0xb44fe000,0xb45ff000],  sp=0xb45fad80,  free space=1011k
Native frames: (J=compiled Java code, j=interpreted, Vv=VM code, C=native code)
J  org.jruby.parser.ParserSupport.cond0(Lorg/jruby/ast/Node;)Lorg/jruby/ast/Node;
j  org.jruby.parser.DefaultRubyParser.case15_line338(Lorg/jruby/parser/ParserSupport;Lorg/jruby/lexer/yacc/RubyYaccLexer;Ljava/lang/Object;[Ljava/lang/Object;I)Ljava/lang/Object;+28
j  org.jruby.parser.DefaultRubyParser.yyparse(Lorg/jruby/lexer/yacc/RubyYaccLexer;)Ljava/lang/Object;+3060
j  org.jruby.parser.DefaultRubyParser.yyparse(Lorg/jruby/lexer/yacc/RubyYaccLexer;Ljava/lang/Object;)Ljava/lang/Object;+10
j  org.jruby.parser.DefaultRubyParser.parse(Lorg/jruby/parser/ParserConfiguration;Lorg/jruby/lexer/yacc/LexerSource;)Lorg/jruby/parser/RubyParserResult;+102
j  org.jruby.parser.Parser.parse(Ljava/lang/String;Lorg/jruby/lexer/yacc/LexerSource;Lorg/jruby/runtime/DynamicScope;Lorg/jruby/parser/ParserConfiguration;)Lorg/jruby/ast/Node;+50
j  org.jruby.parser.Parser.parse(Ljava/lang/String;[BLorg/jruby/runtime/DynamicScope;Lorg/jruby/parser/ParserConfiguration;)Lorg/jruby/ast/Node;+31
j  org.jruby.parser.Parser.parse(Ljava/lang/String;Lorg/jruby/util/ByteList;Lorg/jruby/runtime/DynamicScope;Lorg/jruby/parser/ParserConfiguration;)Lorg/jruby/ast/Node;+9
j  org.jruby.Ruby.parseEval(Lorg/jruby/util/ByteList;Ljava/lang/String;Lorg/jruby/runtime/DynamicScope;I)Lorg/jruby/ast/Node;+41
j  org.jruby.evaluator.ASTInterpreter.evalSimple(Lorg/jruby/runtime/ThreadContext;Lorg/jruby/runtime/builtin/IRubyObject;Lorg/jruby/RubyString;Ljava/lang/String;I)Lorg/jruby/runtime/builtin/IRubyObject;+72
j  org.jruby.RubyObject.evalUnder(Lorg/jruby/runtime/ThreadContext;Lorg/jruby/RubyModule;Lorg/jruby/RubyString;Ljava/lang/String;I)Lorg/jruby/runtime/builtin/IRubyObject;+28
j  org.jruby.RubyObject.specificEval(Lorg/jruby/runtime/ThreadContext;Lorg/jruby/RubyModule;Lorg/jruby/runtime/builtin/IRubyObject;Lorg/jruby/runtime/builtin/IRubyObject;Lorg/jruby/runtime/builtin/IRubyObject;Lorg/jruby/runtime/Block;)Lorg/jruby/runtime/builtin/IRubyObject;+78
j  org.jruby.RubyModule.module_eval(Lorg/jruby/runtime/ThreadContext;Lorg/jruby/runtime/builtin/IRubyObject;Lorg/jruby/runtime/builtin/IRubyObject;Lorg/jruby/runtime/builtin/IRubyObject;Lorg/jruby/runtime/Block;)Lorg/jruby/runtime/builtin/IRubyObject;+9
j  org.jruby.RubyModule$i_method_multi$RUBYFRAMEDINVOKER$module_eval.call(Lorg/jruby/runtime/ThreadContext;Lorg/jruby/runtime/builtin/IRubyObject;Lorg/jruby/RubyModule;Ljava/lang/String;Lorg/jruby/runtime/builtin/IRubyObject;Lorg/jruby/runtime/builtin/IRubyObject;Lorg/jruby/runtime/builtin/IRubyObject;Lorg/jruby/runtime/Block;)Lorg/jruby/runtime/builtin/IRubyObject;+23
j  org.jruby.internal.runtime.methods.JavaMethod$JavaMethodZeroOrOneOrTwoOrThreeOrNBlock.call(Lorg/jruby/runtime/ThreadContext;Lorg/jruby/runtime/builtin/IRubyObject;Lorg/jruby/RubyModule;Ljava/lang/String;Lorg/jruby/runtime/builtin/IRubyObject;Lorg/jruby/runtime/builtin/IRubyObject;Lorg/jruby/runtime/builtin/IRubyObject;)Lorg/jruby/runtime/builtin/IRubyObject;+15
j  org.jruby.runtime.callsite.CachingCallSite.cacheAndCall(Lorg/jruby/runtime/builtin/IRubyObject;Lorg/jruby/RubyClass;Lorg/jruby/runtime/ThreadContext;Lorg/jruby/runtime/builtin/IRubyObject;Lorg/jruby/runtime/builtin/IRubyObject;Lorg/jruby/runtime/builtin/IRubyObject;Lorg/jruby/runtime/builtin/IRubyObject;)Lorg/jruby/runtime/builtin/IRubyObject;+65
j  org.jruby.runtime.callsite.CachingCallSite.call(Lorg/jruby/runtime/ThreadContext;Lorg/jruby/runtime/builtin/IRubyObject;Lorg/jruby/runtime/builtin/IRubyObject;Lorg/jruby/runtime/builtin/IRubyObject;Lorg/jruby/runtime/builtin/IRubyObject;Lorg/jruby/runtime/builtin/IRubyObject;)Lorg/jruby/runtime/builtin/IRubyObject;+58
j  org.jruby.ast.FCallThreeArgNode.interpret(Lorg/jruby/Ruby;Lorg/jruby/runtime/ThreadContext;Lorg/jruby/runtime/builtin/IRubyObject;Lorg/jruby/runtime/Block;)Lorg/jruby/runtime/builtin/IRubyObject;+43
J  org.jruby.ast.NewlineNode.interpret(Lorg/jruby/Ruby;Lorg/jruby/runtime/ThreadContext;Lorg/jruby/runtime/builtin/IRubyObject;Lorg/jruby/runtime/Block;)Lorg/jruby/runtime/builtin/IRubyObject;
j  org.jruby.internal.runtime.methods.InterpretedMethod.call(Lorg/jruby/runtime/ThreadContext;Lorg/jruby/runtime/builtin/IRubyObject;Lorg/jruby/RubyModule;Ljava/lang/String;Lorg/jruby/runtime/builtin/IRubyObject;)Lorg/jruby/runtime/builtin/IRubyObject;+56
j  org.jruby.internal.runtime.methods.DefaultMethod.call(Lorg/jruby/runtime/ThreadContext;Lorg/jruby/runtime/builtin/IRubyObject;Lorg/jruby/RubyModule;Ljava/lang/String;Lorg/jruby/runtime/builtin/IRubyObject;)Lorg/jruby/runtime/builtin/IRubyObject;+24
j  org.jruby.runtime.callsite.CachingCallSite.cacheAndCall(Lorg/jruby/runtime/builtin/IRubyObject;Lorg/jruby/RubyClass;Lorg/jruby/runtime/ThreadContext;Lorg/jruby/runtime/builtin/IRubyObject;Lorg/jruby/runtime/builtin/IRubyObject;)Lorg/jruby/runtime/builtin/IRubyObject;+57
J  org.jruby.runtime.callsite.CachingCallSite.call(Lorg/jruby/runtime/ThreadContext;Lorg/jruby/runtime/builtin/IRubyObject;Lorg/jruby/runtime/builtin/IRubyObject;Lorg/jruby/runtime/builtin/IRubyObject;)Lorg/jruby/runtime/builtin/IRubyObject;
J  org.jruby.ast.NewlineNode.interpret(Lorg/jruby/Ruby;Lorg/jruby/runtime/ThreadContext;Lorg/jruby/runtime/builtin/IRubyObject;Lorg/jruby/runtime/Block;)Lorg/jruby/runtime/builtin/IRubyObject;
j  org.jruby.ast.ClassNode.interpret(Lorg/jruby/Ruby;Lorg/jruby/runtime/ThreadContext;Lorg/jruby/runtime/builtin/IRubyObject;Lorg/jruby/runtime/Block;)Lorg/jruby/runtime/builtin/IRubyObject;+116
J  org.jruby.ast.NewlineNode.interpret(Lorg/jruby/Ruby;Lorg/jruby/runtime/ThreadContext;Lorg/jruby/runtime/builtin/IRubyObject;Lorg/jruby/runtime/Block;)Lorg/jruby/runtime/builtin/IRubyObject;
j  org.jruby.Ruby.loadFile(Ljava/lang/String;Ljava/io/InputStream;Z)V+68
j  org.jruby.util.BuiltinScript.load(Lorg/jruby/Ruby;Z)V+82
j  org.jruby.runtime.load.LoadService.tryLoadingLibraryOrScript(Lorg/jruby/Ruby;Lorg/jruby/runtime/load/LoadService$SearchState;)Z+60
j  org.jruby.runtime.load.LoadService.smartLoad(Ljava/lang/String;)Z+53
j  org.jruby.runtime.load.LoadService.require(Ljava/lang/String;)Z+55
j  org.jruby.runtime.load.LoadService.lockAndRequire(Ljava/lang/String;)Z+60
j  org.jruby.RubyKernel.requireCommon(Lorg/jruby/Ruby;Lorg/jruby/runtime/builtin/IRubyObject;Lorg/jruby/runtime/builtin/IRubyObject;Lorg/jruby/runtime/Block;)Lorg/jruby/runtime/builtin/IRubyObject;+13
j  org.jruby.RubyKernel.require(Lorg/jruby/runtime/builtin/IRubyObject;Lorg/jruby/runtime/builtin/IRubyObject;Lorg/jruby/runtime/Block;)Lorg/jruby/runtime/builtin/IRubyObject;+9
j  org.jruby.RubyKernel$s_method_1_0$RUBYFRAMEDINVOKER$require.call(Lorg/jruby/runtime/ThreadContext;Lorg/jruby/runtime/builtin/IRubyObject;Lorg/jruby/RubyModule;Ljava/lang/String;Lorg/jruby/runtime/builtin/IRubyObject;Lorg/jruby/runtime/Block;)Lorg/jruby/runtime/builtin/IRubyObject;+15
j  org.jruby.internal.runtime.methods.JavaMethod$JavaMethodOneOrNBlock.call(Lorg/jruby/runtime/ThreadContext;Lorg/jruby/runtime/builtin/IRubyObject;Lorg/jruby/RubyModule;Ljava/lang/String;Lorg/jruby/runtime/builtin/IRubyObject;)Lorg/jruby/runtime/builtin/IRubyObject;+11
j  org.jruby.runtime.callsite.CachingCallSite.cacheAndCall(Lorg/jruby/runtime/builtin/IRubyObject;Lorg/jruby/RubyClass;Lorg/jruby/runtime/ThreadContext;Lorg/jruby/runtime/builtin/IRubyObject;Lorg/jruby/runtime/builtin/IRubyObject;)Lorg/jruby/runtime/builtin/IRubyObject;+57
J  org.jruby.runtime.callsite.CachingCallSite.call(Lorg/jruby/runtime/ThreadContext;Lorg/jruby/runtime/builtin/IRubyObject;Lorg/jruby/runtime/builtin/IRubyObject;Lorg/jruby/runtime/builtin/IRubyObject;)Lorg/jruby/runtime/builtin/IRubyObject;
J  org.jruby.ast.NewlineNode.interpret(Lorg/jruby/Ruby;Lorg/jruby/runtime/ThreadContext;Lorg/jruby/runtime/builtin/IRubyObject;Lorg/jruby/runtime/Block;)Lorg/jruby/runtime/builtin/IRubyObject;
j  org.jruby.Ruby.loadFile(Ljava/lang/String;Ljava/io/InputStream;Z)V+68
j  org.jruby.util.BuiltinScript.load(Lorg/jruby/Ruby;Z)V+82
j  org.jruby.runtime.load.LoadService.tryLoadingLibraryOrScript(Lorg/jruby/Ruby;Lorg/jruby/runtime/load/LoadService$SearchState;)Z+60
j  org.jruby.runtime.load.LoadService.smartLoad(Ljava/lang/String;)Z+53
j  org.jruby.runtime.load.LoadService.require(Ljava/lang/String;)Z+55
j  org.jruby.runtime.load.LoadService.lockAndRequire(Ljava/lang/String;)Z+60
j  org.jruby.RubyKernel.requireCommon(Lorg/jruby/Ruby;Lorg/jruby/runtime/builtin/IRubyObject;Lorg/jruby/runtime/builtin/IRubyObject;Lorg/jruby/runtime/Block;)Lorg/jruby/runtime/builtin/IRubyObject;+13
j  org.jruby.RubyKernel.require(Lorg/jruby/runtime/builtin/IRubyObject;Lorg/jruby/runtime/builtin/IRubyObject;Lorg/jruby/runtime/Block;)Lorg/jruby/runtime/builtin/IRubyObject;+9
j  org.jruby.RubyKernel$s_method_1_0$RUBYFRAMEDINVOKER$require.call(Lorg/jruby/runtime/ThreadContext;Lorg/jruby/runtime/builtin/IRubyObject;Lorg/jruby/RubyModule;Ljava/lang/String;Lorg/jruby/runtime/builtin/IRubyObject;Lorg/jruby/runtime/Block;)Lorg/jruby/runtime/builtin/IRubyObject;+15
j  org.jruby.internal.runtime.methods.JavaMethod$JavaMethodOneOrNBlock.call(Lorg/jruby/runtime/ThreadContext;Lorg/jruby/runtime/builtin/IRubyObject;Lorg/jruby/RubyModule;Ljava/lang/String;Lorg/jruby/runtime/builtin/IRubyObject;)Lorg/jruby/runtime/builtin/IRubyObject;+11
j  org.jruby.runtime.callsite.CachingCallSite.cacheAndCall(Lorg/jruby/runtime/builtin/IRubyObject;Lorg/jruby/RubyClass;Lorg/jruby/runtime/ThreadContext;Lorg/jruby/runtime/builtin/IRubyObject;Lorg/jruby/runtime/builtin/IRubyObject;)Lorg/jruby/runtime/builtin/IRubyObject;+57
J  org.jruby.runtime.callsite.CachingCallSite.call(Lorg/jruby/runtime/ThreadContext;Lorg/jruby/runtime/builtin/IRubyObject;Lorg/jruby/runtime/builtin/IRubyObject;Lorg/jruby/runtime/builtin/IRubyObject;)Lorg/jruby/runtime/builtin/IRubyObject;
J  org.jruby.ast.NewlineNode.interpret(Lorg/jruby/Ruby;Lorg/jruby/runtime/ThreadContext;Lorg/jruby/runtime/builtin/IRubyObject;Lorg/jruby/runtime/Block;)Lorg/jruby/runtime/builtin/IRubyObject;
j  org.jruby.Ruby.loadFile(Ljava/lang/String;Ljava/io/InputStream;Z)V+68
j  org.jruby.runtime.load.ExternalScript.load(Lorg/jruby/Ruby;Z)V+85
j  org.jruby.runtime.load.LoadService.tryLoadingLibraryOrScript(Lorg/jruby/Ruby;Lorg/jruby/runtime/load/LoadService$SearchState;)Z+60
j  org.jruby.runtime.load.LoadService.smartLoad(Ljava/lang/String;)Z+53
j  org.jruby.runtime.load.LoadService.require(Ljava/lang/String;)Z+55
j  org.jruby.runtime.load.LoadService.lockAndRequire(Ljava/lang/String;)Z+60
j  org.jruby.RubyKernel.requireCommon(Lorg/jruby/Ruby;Lorg/jruby/runtime/builtin/IRubyObject;Lorg/jruby/runtime/builtin/IRubyObject;Lorg/jruby/runtime/Block;)Lorg/jruby/runtime/builtin/IRubyObject;+13
j  org.jruby.RubyKernel.require(Lorg/jruby/runtime/builtin/IRubyObject;Lorg/jruby/runtime/builtin/IRubyObject;Lorg/jruby/runtime/Block;)Lorg/jruby/runtime/builtin/IRubyObject;+9
j  org.jruby.RubyKernel$s_method_1_0$RUBYFRAMEDINVOKER$require.call(Lorg/jruby/runtime/ThreadContext;Lorg/jruby/runtime/builtin/IRubyObject;Lorg/jruby/RubyModule;Ljava/lang/String;Lorg/jruby/runtime/builtin/IRubyObject;Lorg/jruby/runtime/Block;)Lorg/jruby/runtime/builtin/IRubyObject;+15
j  org.jruby.internal.runtime.methods.JavaMethod$JavaMethodOneOrNBlock.call(Lorg/jruby/runtime/ThreadContext;Lorg/jruby/runtime/builtin/IRubyObject;Lorg/jruby/RubyModule;Ljava/lang/String;Lorg/jruby/runtime/builtin/IRubyObject;)Lorg/jruby/runtime/builtin/IRubyObject;+11
J  org.jruby.runtime.callsite.CachingCallSite.call(Lorg/jruby/runtime/ThreadContext;Lorg/jruby/runtime/builtin/IRubyObject;Lorg/jruby/runtime/builtin/IRubyObject;Lorg/jruby/runtime/builtin/IRubyObject;)Lorg/jruby/runtime/builtin/IRubyObject;
J  org.jruby.ast.NewlineNode.interpret(Lorg/jruby/Ruby;Lorg/jruby/runtime/ThreadContext;Lorg/jruby/runtime/builtin/IRubyObject;Lorg/jruby/runtime/Block;)Lorg/jruby/runtime/builtin/IRubyObject;
j  org.jruby.runtime.InterpretedBlock.yieldSpecific(Lorg/jruby/runtime/ThreadContext;Lorg/jruby/runtime/Binding;Lorg/jruby/runtime/Block$Type;)Lorg/jruby/runtime/builtin/IRubyObject;+4
j  org.jruby.runtime.Block.yieldSpecific(Lorg/jruby/runtime/ThreadContext;)Lorg/jruby/runtime/builtin/IRubyObject;+13
j  org.jruby.ast.ZYieldNode.interpret(Lorg/jruby/Ruby;Lorg/jruby/runtime/ThreadContext;Lorg/jruby/runtime/builtin/IRubyObject;Lorg/jruby/runtime/Block;)Lorg/jruby/runtime/builtin/IRubyObject;+8
J  org.jruby.ast.NewlineNode.interpret(Lorg/jruby/Ruby;Lorg/jruby/runtime/ThreadContext;Lorg/jruby/runtime/builtin/IRubyObject;Lorg/jruby/runtime/Block;)Lorg/jruby/runtime/builtin/IRubyObject;
j  org.jruby.internal.runtime.methods.DefaultMethod.call(Lorg/jruby/runtime/ThreadContext;Lorg/jruby/runtime/builtin/IRubyObject;Lorg/jruby/RubyModule;Ljava/lang/String;Lorg/jruby/runtime/Block;)Lorg/jruby/runtime/builtin/IRubyObject;+24
j  org.jruby.runtime.callsite.CachingCallSite.callBlock(Lorg/jruby/runtime/ThreadContext;Lorg/jruby/runtime/builtin/IRubyObject;Lorg/jruby/runtime/builtin/IRubyObject;Lorg/jruby/runtime/Block;)Lorg/jruby/runtime/builtin/IRubyObject;+38
j  org.jruby.runtime.callsite.CachingCallSite.callIter(Lorg/jruby/runtime/ThreadContext;Lorg/jruby/runtime/builtin/IRubyObject;Lorg/jruby/runtime/builtin/IRubyObject;Lorg/jruby/runtime/Block;)Lorg/jruby/runtime/builtin/IRubyObject;+6
j  org.jruby.ast.FCallNoArgBlockNode.interpret(Lorg/jruby/Ruby;Lorg/jruby/runtime/ThreadContext;Lorg/jruby/runtime/builtin/IRubyObject;Lorg/jruby/runtime/Block;)Lorg/jruby/runtime/builtin/IRubyObject;+16
j  org.jruby.ast.LocalAsgnNode.interpret(Lorg/jruby/Ruby;Lorg/jruby/runtime/ThreadContext;Lorg/jruby/runtime/builtin/IRubyObject;Lorg/jruby/runtime/Block;)Lorg/jruby/runtime/builtin/IRubyObject;+30
J  org.jruby.ast.NewlineNode.interpret(Lorg/jruby/Ruby;Lorg/jruby/runtime/ThreadContext;Lorg/jruby/runtime/builtin/IRubyObject;Lorg/jruby/runtime/Block;)Lorg/jruby/runtime/builtin/IRubyObject;
j  org.jruby.internal.runtime.methods.DefaultMethod.call(Lorg/jruby/runtime/ThreadContext;Lorg/jruby/runtime/builtin/IRubyObject;Lorg/jruby/RubyModule;Ljava/lang/String;)Lorg/jruby/runtime/builtin/IRubyObject;+22
J  org.jruby.runtime.callsite.CachingCallSite.call(Lorg/jruby/runtime/ThreadContext;Lorg/jruby/runtime/builtin/IRubyObject;Lorg/jruby/runtime/builtin/IRubyObject;)Lorg/jruby/runtime/builtin/IRubyObject;
j  org.jruby.ast.RescueNode.interpretWithJavaExceptions(Lorg/jruby/Ruby;Lorg/jruby/runtime/ThreadContext;Lorg/jruby/runtime/builtin/IRubyObject;Lorg/jruby/runtime/Block;)Lorg/jruby/runtime/builtin/IRubyObject;+20
j  org.jruby.ast.RescueNode.interpret(Lorg/jruby/Ruby;Lorg/jruby/runtime/ThreadContext;Lorg/jruby/runtime/builtin/IRubyObject;Lorg/jruby/runtime/Block;)Lorg/jruby/runtime/builtin/IRubyObject;+6
j  org.jruby.ast.BeginNode.interpret(Lorg/jruby/Ruby;Lorg/jruby/runtime/ThreadContext;Lorg/jruby/runtime/builtin/IRubyObject;Lorg/jruby/runtime/Block;)Lorg/jruby/runtime/builtin/IRubyObject;+9
J  org.jruby.ast.NewlineNode.interpret(Lorg/jruby/Ruby;Lorg/jruby/runtime/ThreadContext;Lorg/jruby/runtime/builtin/IRubyObject;Lorg/jruby/runtime/Block;)Lorg/jruby/runtime/builtin/IRubyObject;
j  org.jruby.internal.runtime.methods.DefaultMethod.call(Lorg/jruby/runtime/ThreadContext;Lorg/jruby/runtime/builtin/IRubyObject;Lorg/jruby/RubyModule;Ljava/lang/String;Lorg/jruby/runtime/builtin/IRubyObject;)Lorg/jruby/runtime/builtin/IRubyObject;+24
j  org.jruby.runtime.callsite.CachingCallSite.cacheAndCall(Lorg/jruby/runtime/builtin/IRubyObject;Lorg/jruby/RubyClass;Lorg/jruby/runtime/ThreadContext;Lorg/jruby/runtime/builtin/IRubyObject;Lorg/jruby/runtime/builtin/IRubyObject;)Lorg/jruby/runtime/builtin/IRubyObject;+57
J  org.jruby.runtime.callsite.CachingCallSite.call(Lorg/jruby/runtime/ThreadContext;Lorg/jruby/runtime/builtin/IRubyObject;Lorg/jruby/runtime/builtin/IRubyObject;Lorg/jruby/runtime/builtin/IRubyObject;)Lorg/jruby/runtime/builtin/IRubyObject;
J  org.jruby.ast.NewlineNode.interpret(Lorg/jruby/Ruby;Lorg/jruby/runtime/ThreadContext;Lorg/jruby/runtime/builtin/IRubyObject;Lorg/jruby/runtime/Block;)Lorg/jruby/runtime/builtin/IRubyObject;
J  org.jruby.ast.NewlineNode.interpret(Lorg/jruby/Ruby;Lorg/jruby/runtime/ThreadContext;Lorg/jruby/runtime/builtin/IRubyObject;Lorg/jruby/runtime/Block;)Lorg/jruby/runtime/builtin/IRubyObject;
j  org.jruby.internal.runtime.methods.DefaultMethod.call(Lorg/jruby/runtime/ThreadContext;Lorg/jruby/runtime/builtin/IRubyObject;Lorg/jruby/RubyModule;Ljava/lang/String;)Lorg/jruby/runtime/builtin/IRubyObject;+22
j  org.jruby.runtime.callsite.CachingCallSite.cacheAndCall(Lorg/jruby/runtime/builtin/IRubyObject;Lorg/jruby/RubyClass;Lorg/jruby/runtime/ThreadContext;Lorg/jruby/runtime/builtin/IRubyObject;)Lorg/jruby/runtime/builtin/IRubyObject;+53
J  org.jruby.runtime.callsite.CachingCallSite.call(Lorg/jruby/runtime/ThreadContext;Lorg/jruby/runtime/builtin/IRubyObject;Lorg/jruby/runtime/builtin/IRubyObject;)Lorg/jruby/runtime/builtin/IRubyObject;
j  org.jruby.ast.ReturnNode.interpret(Lorg/jruby/Ruby;Lorg/jruby/runtime/ThreadContext;Lorg/jruby/runtime/builtin/IRubyObject;Lorg/jruby/runtime/Block;)Lorg/jruby/runtime/builtin/IRubyObject;+10
J  org.jruby.ast.NewlineNode.interpret(Lorg/jruby/Ruby;Lorg/jruby/runtime/ThreadContext;Lorg/jruby/runtime/builtin/IRubyObject;Lorg/jruby/runtime/Block;)Lorg/jruby/runtime/builtin/IRubyObject;
J  org.jruby.ast.NewlineNode.interpret(Lorg/jruby/Ruby;Lorg/jruby/runtime/ThreadContext;Lorg/jruby/runtime/builtin/IRubyObject;Lorg/jruby/runtime/Block;)Lorg/jruby/runtime/builtin/IRubyObject;
j  org.jruby.internal.runtime.methods.DefaultMethod.call(Lorg/jruby/runtime/ThreadContext;Lorg/jruby/runtime/builtin/IRubyObject;Lorg/jruby/RubyModule;Ljava/lang/String;)Lorg/jruby/runtime/builtin/IRubyObject;+22
j  org.jruby.runtime.callsite.CachingCallSite.cacheAndCall(Lorg/jruby/runtime/builtin/IRubyObject;Lorg/jruby/RubyClass;Lorg/jruby/runtime/ThreadContext;Lorg/jruby/runtime/builtin/IRubyObject;)Lorg/jruby/runtime/builtin/IRubyObject;+53
J  org.jruby.runtime.callsite.CachingCallSite.call(Lorg/jruby/runtime/ThreadContext;Lorg/jruby/runtime/builtin/IRubyObject;Lorg/jruby/runtime/builtin/IRubyObject;)Lorg/jruby/runtime/builtin/IRubyObject;
j  org.jruby.ast.RescueNode.interpretWithJavaExceptions(Lorg/jruby/Ruby;Lorg/jruby/runtime/ThreadContext;Lorg/jruby/runtime/builtin/IRubyObject;Lorg/jruby/runtime/Block;)Lorg/jruby/runtime/builtin/IRubyObject;+20
j  org.jruby.ast.RescueNode.interpret(Lorg/jruby/Ruby;Lorg/jruby/runtime/ThreadContext;Lorg/jruby/runtime/builtin/IRubyObject;Lorg/jruby/runtime/Block;)Lorg/jruby/runtime/builtin/IRubyObject;+6
j  org.jruby.ast.BeginNode.interpret(Lorg/jruby/Ruby;Lorg/jruby/runtime/ThreadContext;Lorg/jruby/runtime/builtin/IRubyObject;Lorg/jruby/runtime/Block;)Lorg/jruby/runtime/builtin/IRubyObject;+9
J  org.jruby.ast.NewlineNode.interpret(Lorg/jruby/Ruby;Lorg/jruby/runtime/ThreadContext;Lorg/jruby/runtime/builtin/IRubyObject;Lorg/jruby/runtime/Block;)Lorg/jruby/runtime/builtin/IRubyObject;
j  org.jruby.internal.runtime.methods.DefaultMethod.call(Lorg/jruby/runtime/ThreadContext;Lorg/jruby/runtime/builtin/IRubyObject;Lorg/jruby/RubyModule;Ljava/lang/String;)Lorg/jruby/runtime/builtin/IRubyObject;+22
j  org.jruby.runtime.callsite.CachingCallSite.cacheAndCall(Lorg/jruby/runtime/builtin/IRubyObject;Lorg/jruby/RubyClass;Lorg/jruby/runtime/ThreadContext;Lorg/jruby/runtime/builtin/IRubyObject;)Lorg/jruby/runtime/builtin/IRubyObject;+53
...<more frames>...


---------------  P R O C E S S  ---------------

Java Threads: ( => current thread )
=>0xb47d9000 JavaThread "Thread-6" daemon [_thread_in_Java, id=5413, stack(0xb44fe000,0xb45ff000)]
  0xb4a00800 JavaThread "Low Memory Detector" daemon [_thread_blocked, id=5370, stack(0xb48ff000,0xb4a00000)]
  0x091e4c00 JavaThread "CompilerThread0" daemon [_thread_blocked, id=5369, stack(0xb4bd1000,0xb4c52000)]
  0x091e3400 JavaThread "Signal Dispatcher" daemon [_thread_blocked, id=5368, stack(0xb4c52000,0xb4d53000)]
  0x091df000 JavaThread "Finalizer" daemon [_thread_blocked, id=5367, stack(0xb4f53000,0xb5054000)]
  0x091da400 JavaThread "Reference Handler" daemon [_thread_blocked, id=5366, stack(0xb5054000,0xb5155000)]
  0x09169400 JavaThread "main" [_thread_in_native, id=5364, stack(0xb765a000,0xb775b000)]

Other Threads:
  0x091d8800 VMThread [stack: 0xb5155000,0xb51d6000] [id=5365]
  0xb4a03000 WatcherThread [stack: 0xb4b50000,0xb4bd1000] [id=5371]

VM state:not at safepoint (normal execution)

VM Mutex/Monitor currently owned by a thread: None

Heap
 def new generation   total 4928K, used 967K [0x7b980000, 0x7bed0000, 0x82420000)
  eden space 4416K,  10% used [0x7b980000, 0x7b9f1df0, 0x7bdd0000)
  from space 512K, 100% used [0x7be50000, 0x7bed0000, 0x7bed0000)
  to   space 512K,   0% used [0x7bdd0000, 0x7bdd0000, 0x7be50000)
 tenured generation   total 10944K, used 5601K [0x82420000, 0x82ed0000, 0x8f980000)
   the space 10944K,  51% used [0x82420000, 0x82998610, 0x82998800, 0x82ed0000)
 compacting perm gen  total 13312K, used 13306K [0x8f980000, 0x90680000, 0x93980000)
   the space 13312K,  99% used [0x8f980000, 0x9067ea08, 0x9067ec00, 0x90680000)
    ro space 10240K,  73% used [0x93980000, 0x940d8620, 0x940d8800, 0x94380000)
    rw space 12288K,  60% used [0x94380000, 0x94ac0f20, 0x94ac1000, 0x94f80000)

Dynamic libraries:
00110000-00117000 r-xp 00000000 08:05 2633579    /lib/librt-2.12.1.so
00117000-00118000 r--p 00006000 08:05 2633579    /lib/librt-2.12.1.so
00118000-00119000 rw-p 00007000 08:05 2633579    /lib/librt-2.12.1.so
00119000-00122000 r-xp 00000000 08:05 2633574    /lib/libnss_nis-2.12.1.so
00122000-00123000 r--p 00008000 08:05 2633574    /lib/libnss_nis-2.12.1.so
00123000-00124000 rw-p 00009000 08:05 2633574    /lib/libnss_nis-2.12.1.so
00124000-00126000 r-xp 00000000 08:05 1837848    /usr/lib/libXinerama.so.1.0.0
00126000-00127000 r--p 00001000 08:05 1837848    /usr/lib/libXinerama.so.1.0.0
00127000-00128000 rw-p 00002000 08:05 1837848    /usr/lib/libXinerama.so.1.0.0
00128000-0012a000 r-xp 00000000 08:05 1837830    /usr/lib/libXcomposite.so.1.0.0
0012a000-0012b000 r--p 00001000 08:05 1837830    /usr/lib/libXcomposite.so.1.0.0
0012b000-0012c000 rw-p 00002000 08:05 1837830    /usr/lib/libXcomposite.so.1.0.0
0012c000-00133000 r-xp 00000000 08:05 1836806    /usr/lib/jvm/java-6-openjdk/jre/lib/i386/libnio.so
00133000-00134000 r--p 00006000 08:05 1836806    /usr/lib/jvm/java-6-openjdk/jre/lib/i386/libnio.so
00134000-00135000 rw-p 00007000 08:05 1836806    /usr/lib/jvm/java-6-openjdk/jre/lib/i386/libnio.so
00135000-00139000 r-xp 00000000 08:05 1837840    /usr/lib/libXfixes.so.3.1.0
00139000-0013a000 r--p 00003000 08:05 1837840    /usr/lib/libXfixes.so.3.1.0
0013a000-0013b000 rw-p 00004000 08:05 1837840    /usr/lib/libXfixes.so.3.1.0
0013d000-00150000 r-xp 00000000 08:05 2621634    /lib/libz.so.1.2.3.4
00150000-00151000 r--p 00012000 08:05 2621634    /lib/libz.so.1.2.3.4
00151000-00152000 rw-p 00013000 08:05 2621634    /lib/libz.so.1.2.3.4
00152000-0016a000 r-xp 00000000 08:05 1837901    /usr/lib/libatk-1.0.so.0.3209.1
0016a000-0016b000 ---p 00018000 08:05 1837901    /usr/lib/libatk-1.0.so.0.3209.1
0016b000-0016c000 r--p 00018000 08:05 1837901    /usr/lib/libatk-1.0.so.0.3209.1
0016c000-0016d000 rw-p 00019000 08:05 1837901    /usr/lib/libatk-1.0.so.0.3209.1
0016d000-00184000 r-xp 00000000 08:05 1838143    /usr/lib/libgdk_pixbuf-2.0.so.0.2200.0
00184000-00185000 r--p 00017000 08:05 1838143    /usr/lib/libgdk_pixbuf-2.0.so.0.2200.0
00185000-00186000 rw-p 00018000 08:05 1838143    /usr/lib/libgdk_pixbuf-2.0.so.0.2200.0
00186000-00188000 r-xp 00000000 08:05 1838785    /usr/lib/libxcb-shm.so.0.0.0
00188000-00189000 r--p 00001000 08:05 1838785    /usr/lib/libxcb-shm.so.0.0.0
00189000-0018a000 rw-p 00002000 08:05 1838785    /usr/lib/libxcb-shm.so.0.0.0
0018a000-0018c000 r-xp 00000000 08:05 1837825    /usr/lib/libXau.so.6.0.0
0018c000-0018d000 r--p 00001000 08:05 1837825    /usr/lib/libXau.so.6.0.0
0018d000-0018e000 rw-p 00002000 08:05 1837825    /usr/lib/libXau.so.6.0.0
0018e000-00199000 r-xp 00000000 08:05 923643     /tmp/jffi8282798440315450215.tmp
00199000-0019a000 rw-p 0000a000 08:05 923643     /tmp/jffi8282798440315450215.tmp
0019a000-001ef000 r-xp 00000000 08:05 923648     /tmp/swtlib-32/libswt-pi-gtk-3555.so
001ef000-001f2000 rw-p 00054000 08:05 923648     /tmp/swtlib-32/libswt-pi-gtk-3555.so
001f2000-00286000 r-xp 00000000 08:05 1838141    /usr/lib/libgdk-x11-2.0.so.0.2200.0
00286000-00288000 r--p 00094000 08:05 1838141    /usr/lib/libgdk-x11-2.0.so.0.2200.0
00288000-00289000 rw-p 00096000 08:05 1838141    /usr/lib/libgdk-x11-2.0.so.0.2200.0
00289000-00337000 r-xp 00000000 08:05 1835402    /usr/lib/libcairo.so.2.11000.0
00337000-00338000 ---p 000ae000 08:05 1835402    /usr/lib/libcairo.so.2.11000.0
00338000-00339000 r--p 000ae000 08:05 1835402    /usr/lib/libcairo.so.2.11000.0
00339000-0033a000 rw-p 000af000 08:05 1835402    /usr/lib/libcairo.so.2.11000.0
0033a000-0033c000 rw-p 00000000 00:00 0 
0033c000-0035f000 r-xp 00000000 08:05 2621589    /lib/libpng12.so.0.44.0
0035f000-00360000 r--p 00022000 08:05 2621589    /lib/libpng12.so.0.44.0
00360000-00361000 rw-p 00023000 08:05 2621589    /lib/libpng12.so.0.44.0
00361000-00379000 r-xp 00000000 08:05 1838787    /usr/lib/libxcb.so.1.1.0
00379000-0037a000 r--p 00017000 08:05 1838787    /usr/lib/libxcb.so.1.1.0
0037a000-0037b000 rw-p 00018000 08:05 1838787    /usr/lib/libxcb.so.1.1.0
0037b000-00381000 r-xp 00000000 08:05 1838783    /usr/lib/libxcb-render.so.0.0.0
00381000-00382000 r--p 00005000 08:05 1838783    /usr/lib/libxcb-render.so.0.0.0
00382000-00383000 rw-p 00006000 08:05 1838783    /usr/lib/libxcb-render.so.0.0.0
00385000-0038f000 r-xp 00000000 08:05 2633572    /lib/libnss_files-2.12.1.so
0038f000-00390000 r--p 00009000 08:05 2633572    /lib/libnss_files-2.12.1.so
00390000-00391000 rw-p 0000a000 08:05 2633572    /lib/libnss_files-2.12.1.so
00391000-003b5000 r-xp 00000000 08:05 1835948    /usr/lib/libpangoft2-1.0.so.0.2800.2
003b5000-003b6000 r--p 00023000 08:05 1835948    /usr/lib/libpangoft2-1.0.so.0.2800.2
003b6000-003b7000 rw-p 00024000 08:05 1835948    /usr/lib/libpangoft2-1.0.so.0.2800.2
003b7000-003f6000 r-xp 00000000 08:05 1835259    /usr/lib/libpango-1.0.so.0.2800.2
003f6000-003f7000 ---p 0003f000 08:05 1835259    /usr/lib/libpango-1.0.so.0.2800.2
003f7000-003f8000 r--p 0003f000 08:05 1835259    /usr/lib/libpango-1.0.so.0.2800.2
003f8000-003f9000 rw-p 00040000 08:05 1835259    /usr/lib/libpango-1.0.so.0.2800.2
003f9000-00427000 r-xp 00000000 08:05 1838100    /usr/lib/libfontconfig.so.1.4.4
00427000-00428000 r--p 0002d000 08:05 1838100    /usr/lib/libfontconfig.so.1.4.4
00428000-00429000 rw-p 0002e000 08:05 1838100    /usr/lib/libfontconfig.so.1.4.4
00429000-0046a000 r-xp 00000000 08:05 1835150    /usr/lib/libgobject-2.0.so.0.2600.1
0046a000-0046b000 r--p 00040000 08:05 1835150    /usr/lib/libgobject-2.0.so.0.2600.1
0046b000-0046c000 rw-p 00041000 08:05 1835150    /usr/lib/libgobject-2.0.so.0.2600.1
0046c000-00488000 r-xp 00000000 08:05 2622348    /lib/ld-2.12.1.so
00488000-00489000 r--p 0001b000 08:05 2622348    /lib/ld-2.12.1.so
00489000-0048a000 rw-p 0001c000 08:05 2622348    /lib/ld-2.12.1.so
0048a000-004bd000 r-xp 00000000 08:05 2621577    /lib/libpcre.so.3.12.1
004bd000-004be000 r--p 00032000 08:05 2621577    /lib/libpcre.so.3.12.1
004be000-004bf000 rw-p 00033000 08:05 2621577    /lib/libpcre.so.3.12.1
004bf000-004c3000 r-xp 00000000 08:05 1837836    /usr/lib/libXdmcp.so.6.0.0
004c3000-004c4000 r--p 00003000 08:05 1837836    /usr/lib/libXdmcp.so.6.0.0
004c4000-004c5000 rw-p 00004000 08:05 1837836    /usr/lib/libXdmcp.so.6.0.0
004c5000-004ca000 r-xp 00000000 08:05 1841979    /usr/lib/gtk-2.0/modules/libcanberra-gtk-module.so
004ca000-004cb000 r--p 00004000 08:05 1841979    /usr/lib/gtk-2.0/modules/libcanberra-gtk-module.so
004cb000-004cc000 rw-p 00005000 08:05 1841979    /usr/lib/gtk-2.0/modules/libcanberra-gtk-module.so
004cc000-004d0000 r-xp 00000000 08:05 1841407    /usr/lib/gdk-pixbuf-2.0/2.10.0/loaders/libpixbufloader-png.so
004d0000-004d1000 r--p 00003000 08:05 1841407    /usr/lib/gdk-pixbuf-2.0/2.10.0/loaders/libpixbufloader-png.so
004d1000-004d2000 rw-p 00004000 08:05 1841407    /usr/lib/gdk-pixbuf-2.0/2.10.0/loaders/libpixbufloader-png.so
004d2000-004d3000 r-xp 00000000 00:00 0          [vdso]
004d3000-005ec000 r-xp 00000000 08:05 1837821    /usr/lib/libX11.so.6.3.0
005ec000-005ed000 r--p 00118000 08:05 1837821    /usr/lib/libX11.so.6.3.0
005ed000-005ef000 rw-p 00119000 08:05 1837821    /usr/lib/libX11.so.6.3.0
005ef000-005f0000 rw-p 00000000 00:00 0 
005f0000-00662000 r-xp 00000000 08:05 1835386    /usr/lib/libfreetype.so.6.6.0
00662000-00666000 r--p 00071000 08:05 1835386    /usr/lib/libfreetype.so.6.6.0
00666000-00667000 rw-p 00075000 08:05 1835386    /usr/lib/libfreetype.so.6.6.0
0066a000-00672000 r-xp 00000000 08:05 1837860    /usr/lib/libXrender.so.1.3.0
00672000-00673000 r--p 00007000 08:05 1837860    /usr/lib/libXrender.so.1.3.0
00673000-00674000 rw-p 00008000 08:05 1837860    /usr/lib/libXrender.so.1.3.0
00674000-0067b000 r-xp 00000000 08:05 1838748    /usr/lib/libvorbisfile.so.3.3.2
0067b000-0067c000 r--p 00006000 08:05 1838748    /usr/lib/libvorbisfile.so.3.3.2
0067c000-0067d000 rw-p 00007000 08:05 1838748    /usr/lib/libvorbisfile.so.3.3.2
00680000-006a2000 r-xp 00000000 08:05 1836802    /usr/lib/jvm/java-6-openjdk/jre/lib/i386/libjava.so
006a2000-006a3000 r--p 00021000 08:05 1836802    /usr/lib/jvm/java-6-openjdk/jre/lib/i386/libjava.so
006a3000-006a5000 rw-p 00022000 08:05 1836802    /usr/lib/jvm/java-6-openjdk/jre/lib/i386/libjava.so
006a5000-00772000 r-xp 00000000 08:05 2621871    /lib/libglib-2.0.so.0.2600.1
00772000-00773000 r--p 000cc000 08:05 2621871    /lib/libglib-2.0.so.0.2600.1
00773000-00774000 rw-p 000cd000 08:05 2621871    /lib/libglib-2.0.so.0.2600.1
00774000-00779000 r-xp 00000000 08:05 1838508    /usr/lib/libogg.so.0.7.0
00779000-0077a000 r--p 00004000 08:05 1838508    /usr/lib/libogg.so.0.7.0
0077a000-0077b000 rw-p 00005000 08:05 1838508    /usr/lib/libogg.so.0.7.0
0077b000-00782000 r-xp 00000000 08:05 1838431    /usr/lib/libltdl.so.7.2.1
00782000-00783000 r--p 00006000 08:05 1838431    /usr/lib/libltdl.so.7.2.1
00783000-00784000 rw-p 00007000 08:05 1838431    /usr/lib/libltdl.so.7.2.1
00784000-00790000 r-xp 00000000 08:05 1837846    /usr/lib/libXi.so.6.1.0
00790000-00791000 r--p 0000b000 08:05 1837846    /usr/lib/libXi.so.6.1.0
00791000-00792000 rw-p 0000c000 08:05 1837846    /usr/lib/libXi.so.6.1.0
00792000-007a2000 r-xp 00000000 08:05 2633578    /lib/libresolv-2.12.1.so
007a2000-007a3000 r--p 00010000 08:05 2633578    /lib/libresolv-2.12.1.so
007a3000-007a4000 rw-p 00011000 08:05 2633578    /lib/libresolv-2.12.1.so
007a4000-007a6000 rw-p 00000000 00:00 0 
007a6000-007c0000 r-xp 00000000 08:05 2621601    /lib/libselinux.so.1
007c0000-007c1000 r--p 00019000 08:05 2621601    /lib/libselinux.so.1
007c1000-007c2000 rw-p 0001a000 08:05 2621601    /lib/libselinux.so.1
007c2000-007c6000 r-xp 00000000 08:05 1835563    /usr/lib/gtk-2.0/2.10.0/immodules/im-ibus.so
007c6000-007c7000 r--p 00003000 08:05 1835563    /usr/lib/gtk-2.0/2.10.0/immodules/im-ibus.so
007c7000-007c8000 rw-p 00004000 08:05 1835563    /usr/lib/gtk-2.0/2.10.0/immodules/im-ibus.so
007ca000-007ce000 r-xp 00000000 08:05 1837954    /usr/lib/libcanberra-gtk.so.0.1.6
007ce000-007cf000 r--p 00003000 08:05 1837954    /usr/lib/libcanberra-gtk.so.0.1.6
007cf000-007d0000 rw-p 00004000 08:05 1837954    /usr/lib/libcanberra-gtk.so.0.1.6
007d1000-007e4000 r-xp 00000000 08:05 2633569    /lib/libnsl-2.12.1.so
007e4000-007e5000 r--p 00012000 08:05 2633569    /lib/libnsl-2.12.1.so
007e5000-007e6000 rw-p 00013000 08:05 2633569    /lib/libnsl-2.12.1.so
007e6000-007e8000 rw-p 00000000 00:00 0 
007e8000-007ef000 r-xp 00000000 08:05 1841958    /usr/lib/gtk-2.0/2.10.0/engines/libpixmap.so
007ef000-007f0000 ---p 00007000 08:05 1841958    /usr/lib/gtk-2.0/2.10.0/engines/libpixmap.so
007f0000-007f1000 r--p 00007000 08:05 1841958    /usr/lib/gtk-2.0/2.10.0/engines/libpixmap.so
007f1000-007f2000 rw-p 00008000 08:05 1841958    /usr/lib/gtk-2.0/2.10.0/engines/libpixmap.so
007f2000-00805000 r-xp 00000000 08:05 1835392    /usr/lib/libgvfscommon.so.0.0.0
00805000-00806000 r--p 00012000 08:05 1835392    /usr/lib/libgvfscommon.so.0.0.0
00806000-00807000 rw-p 00013000 08:05 1835392    /usr/lib/libgvfscommon.so.0.0.0
00809000-0081d000 r-xp 00000000 08:05 1837379    /usr/lib/jvm/java-6-openjdk/jre/lib/i386/libnet.so
0081d000-0081e000 r--p 00013000 08:05 1837379    /usr/lib/jvm/java-6-openjdk/jre/lib/i386/libnet.so
0081e000-0081f000 rw-p 00014000 08:05 1837379    /usr/lib/jvm/java-6-openjdk/jre/lib/i386/libnet.so
0081f000-0087b000 r-xp 00000000 08:05 1838551    /usr/lib/libpixman-1.so.0.18.4
0087b000-0087e000 r--p 0005c000 08:05 1838551    /usr/lib/libpixman-1.so.0.18.4
0087e000-0087f000 rw-p 0005f000 08:05 1838551    /usr/lib/libpixman-1.so.0.18.4
0087f000-00889000 r-xp 00000000 08:05 2621476    /lib/libudev.so.0.9.1
00889000-0088a000 r--p 00009000 08:05 2621476    /lib/libudev.so.0.9.1
0088a000-0088b000 rw-p 0000a000 08:05 2621476    /lib/libudev.so.0.9.1
0088b000-0088d000 r-xp 00000000 08:05 2633582    /lib/libutil-2.12.1.so
0088d000-0088e000 r--p 00001000 08:05 2633582    /lib/libutil-2.12.1.so
0088e000-0088f000 rw-p 00002000 08:05 2633582    /lib/libutil-2.12.1.so
008a3000-008ad000 r-xp 00000000 08:05 1835260    /usr/lib/libpangocairo-1.0.so.0.2800.2
008ad000-008ae000 r--p 00009000 08:05 1835260    /usr/lib/libpangocairo-1.0.so.0.2800.2
008ae000-008af000 rw-p 0000a000 08:05 1835260    /usr/lib/libpangocairo-1.0.so.0.2800.2
008af000-008d3000 r-xp 00000000 08:05 2621512    /lib/libexpat.so.1.5.2
008d3000-008d5000 r--p 00024000 08:05 2621512    /lib/libexpat.so.1.5.2
008d5000-008d6000 rw-p 00026000 08:05 2621512    /lib/libexpat.so.1.5.2
008e6000-008ec000 r-xp 00000000 08:05 1836837    /usr/lib/jvm/java-6-openjdk/jre/lib/i386/native_threads/libhpi.so
008ec000-008ed000 r--p 00005000 08:05 1836837    /usr/lib/jvm/java-6-openjdk/jre/lib/i386/native_threads/libhpi.so
008ed000-008ee000 rw-p 00006000 08:05 1836837    /usr/lib/jvm/java-6-openjdk/jre/lib/i386/native_threads/libhpi.so
008f6000-008fe000 r-xp 00000000 08:05 1837832    /usr/lib/libXcursor.so.1.0.2
008fe000-008ff000 r--p 00007000 08:05 1837832    /usr/lib/libXcursor.so.1.0.2
008ff000-00900000 rw-p 00008000 08:05 1837832    /usr/lib/libXcursor.so.1.0.2
00902000-00905000 r-xp 00000000 08:05 1836114    /usr/lib/libgthread-2.0.so.0.2600.1
00905000-00906000 r--p 00003000 08:05 1836114    /usr/lib/libgthread-2.0.so.0.2600.1
00906000-00907000 rw-p 00004000 08:05 1836114    /usr/lib/libgthread-2.0.so.0.2600.1
00907000-0092d000 r-xp 00000000 08:05 1838744    /usr/lib/libvorbis.so.0.4.4
0092d000-0092e000 r--p 00025000 08:05 1838744    /usr/lib/libvorbis.so.0.4.4
0092e000-0092f000 rw-p 00026000 08:05 1838744    /usr/lib/libvorbis.so.0.4.4
0093c000-00940000 rwxp 00000000 00:00 0 
00940000-0097a000 r-xp 00000000 08:05 2621898    /lib/libdbus-1.so.3.5.2
0097a000-0097b000 r--p 00039000 08:05 2621898    /lib/libdbus-1.so.3.5.2
0097b000-0097c000 rw-p 0003a000 08:05 2621898    /lib/libdbus-1.so.3.5.2
00985000-00993000 r-xp 00000000 08:05 1837956    /usr/lib/libcanberra.so.0.2.4
00993000-00994000 r--p 0000d000 08:05 1837956    /usr/lib/libcanberra.so.0.2.4
00994000-00995000 rw-p 0000e000 08:05 1837956    /usr/lib/libcanberra.so.0.2.4
009a6000-009a8000 r-xp 00000000 08:05 1836441    /usr/lib/pango/1.6.0/modules/pango-basic-fc.so
009a8000-009a9000 r--p 00001000 08:05 1836441    /usr/lib/pango/1.6.0/modules/pango-basic-fc.so
009a9000-009aa000 rw-p 00002000 08:05 1836441    /usr/lib/pango/1.6.0/modules/pango-basic-fc.so
009aa000-009cd000 r-xp 00000000 08:05 1839583    /usr/lib/gio/modules/libgvfsdbus.so
009cd000-009ce000 r--p 00022000 08:05 1839583    /usr/lib/gio/modules/libgvfsdbus.so
009ce000-009cf000 rw-p 00023000 08:05 1839583    /usr/lib/gio/modules/libgvfsdbus.so
009d2000-009d8000 r-xp 00000000 08:05 1836807    /usr/lib/jvm/java-6-openjdk/jre/lib/i386/libzip.so
009d8000-009d9000 r--p 00005000 08:05 1836807    /usr/lib/jvm/java-6-openjdk/jre/lib/i386/libzip.so
009d9000-009da000 rw-p 00006000 08:05 1836807    /usr/lib/jvm/java-6-openjdk/jre/lib/i386/libzip.so
009e4000-009ea000 r-xp 00000000 08:05 1837858    /usr/lib/libXrandr.so.2.2.0
009ea000-009eb000 r--p 00005000 08:05 1837858    /usr/lib/libXrandr.so.2.2.0
009eb000-009ec000 rw-p 00006000 08:05 1837858    /usr/lib/libXrandr.so.2.2.0
009fb000-009fd000 r-xp 00000000 08:05 1837834    /usr/lib/libXdamage.so.1.1.0
009fd000-009fe000 r--p 00001000 08:05 1837834    /usr/lib/libXdamage.so.1.1.0
009fe000-009ff000 rw-p 00002000 08:05 1837834    /usr/lib/libXdamage.so.1.1.0
009ff000-00ae7000 r-xp 00000000 08:05 1836241    /usr/lib/libgio-2.0.so.0.2600.1
00ae7000-00ae9000 r--p 000e7000 08:05 1836241    /usr/lib/libgio-2.0.so.0.2600.1
00ae9000-00aea000 rw-p 000e9000 08:05 1836241    /usr/lib/libgio-2.0.so.0.2600.1
00aea000-00aeb000 rw-p 00000000 00:00 0 
00af4000-00aff000 r-xp 00000000 08:05 1837021    /usr/lib/jvm/java-6-openjdk/jre/lib/i386/libverify.so
00aff000-00b00000 ---p 0000b000 08:05 1837021    /usr/lib/jvm/java-6-openjdk/jre/lib/i386/libverify.so
00b00000-00b01000 r--p 0000b000 08:05 1837021    /usr/lib/jvm/java-6-openjdk/jre/lib/i386/libverify.so
00b01000-00b02000 rw-p 0000c000 08:05 1837021    /usr/lib/jvm/java-6-openjdk/jre/lib/i386/libverify.so
00b19000-00b46000 r-xp 00000000 08:05 1841957    /usr/lib/gtk-2.0/2.10.0/engines/libmurrine.so
00b46000-00b47000 r--p 0002c000 08:05 1841957    /usr/lib/gtk-2.0/2.10.0/engines/libmurrine.so
00b47000-00b48000 rw-p 0002d000 08:05 1841957    /usr/lib/gtk-2.0/2.10.0/engines/libmurrine.so
00b48000-00b82000 r-xp 00000000 08:05 1835521    /usr/lib/libibus.so.2.0.0
00b82000-00b83000 r--p 00039000 08:05 1835521    /usr/lib/libibus.so.2.0.0
00b83000-00b84000 rw-p 0003a000 08:05 1835521    /usr/lib/libibus.so.2.0.0
00b8b000-00b91000 r-xp 00000000 08:05 2633570    /lib/libnss_compat-2.12.1.so
00b91000-00b92000 r--p 00006000 08:05 2633570    /lib/libnss_compat-2.12.1.so
00b92000-00b93000 rw-p 00007000 08:05 2633570    /lib/libnss_compat-2.12.1.so
00bcb000-00bef000 r-xp 00000000 08:05 2632687    /lib/libm-2.12.1.so
00bef000-00bf0000 r--p 00023000 08:05 2632687    /lib/libm-2.12.1.so
00bf0000-00bf1000 rw-p 00024000 08:05 2632687    /lib/libm-2.12.1.so
00bf1000-00c06000 r-xp 00000000 08:05 2633577    /lib/libpthread-2.12.1.so
00c06000-00c07000 ---p 00015000 08:05 2633577    /lib/libpthread-2.12.1.so
00c07000-00c08000 r--p 00015000 08:05 2633577    /lib/libpthread-2.12.1.so
00c08000-00c09000 rw-p 00016000 08:05 2633577    /lib/libpthread-2.12.1.so
00c09000-00c0b000 rw-p 00000000 00:00 0 
00c49000-00c4c000 r-xp 00000000 08:05 1836810    /usr/lib/jvm/java-6-openjdk/jre/lib/i386/jli/libjli.so
00c4c000-00c4d000 r--p 00002000 08:05 1836810    /usr/lib/jvm/java-6-openjdk/jre/lib/i386/jli/libjli.so
00c4d000-00c4e000 rw-p 00003000 08:05 1836810    /usr/lib/jvm/java-6-openjdk/jre/lib/i386/jli/libjli.so
00c4e000-00da5000 r-xp 00000000 08:05 2632681    /lib/libc-2.12.1.so
00da5000-00da7000 r--p 00157000 08:05 2632681    /lib/libc-2.12.1.so
00da7000-00da8000 rw-p 00159000 08:05 2632681    /lib/libc-2.12.1.so
00da8000-00dab000 rw-p 00000000 00:00 0 
00dbd000-00dca000 r-xp 00000000 08:05 1838693    /usr/lib/libtdb.so.1.2.1
00dca000-00dcb000 r--p 0000c000 08:05 1838693    /usr/lib/libtdb.so.1.2.1
00dcb000-00dcc000 rw-p 0000d000 08:05 1838693    /usr/lib/libtdb.so.1.2.1
00e23000-00e27000 r-xp 00000000 08:05 1837866    /usr/lib/libXtst.so.6.1.0
00e27000-00e28000 r--p 00003000 08:05 1837866    /usr/lib/libXtst.so.6.1.0
00e28000-00e29000 rw-p 00004000 08:05 1837866    /usr/lib/libXtst.so.6.1.0
00e73000-00e75000 r-xp 00000000 08:05 1836000    /usr/lib/libgmodule-2.0.so.0.2600.1
00e75000-00e76000 r--p 00002000 08:05 1836000    /usr/lib/libgmodule-2.0.so.0.2600.1
00e76000-00e77000 rw-p 00003000 08:05 1836000    /usr/lib/libgmodule-2.0.so.0.2600.1
00e83000-00e91000 r-xp 00000000 08:05 1837838    /usr/lib/libXext.so.6.4.0
00e91000-00e92000 r--p 0000d000 08:05 1837838    /usr/lib/libXext.so.6.4.0
00e92000-00e93000 rw-p 0000e000 08:05 1837838    /usr/lib/libXext.so.6.4.0
00eaf000-00eb2000 r-xp 00000000 08:05 923646     /tmp/swtlib-32/libswt-gtk-3555.so
00eb2000-00eb3000 rw-p 00002000 08:05 923646     /tmp/swtlib-32/libswt-gtk-3555.so
00eb3000-00eb4000 rw-p 00000000 00:00 0 
00f2f000-00f31000 r-xp 00000000 08:05 2632686    /lib/libdl-2.12.1.so
00f31000-00f32000 r--p 00001000 08:05 2632686    /lib/libdl-2.12.1.so
00f32000-00f33000 rw-p 00002000 08:05 2632686    /lib/libdl-2.12.1.so
00f33000-01386000 r-xp 00000000 08:05 1836815    /usr/lib/jvm/java-6-openjdk/jre/lib/i386/client/libjvm.so
01386000-0139d000 r--p 00453000 08:05 1836815    /usr/lib/jvm/java-6-openjdk/jre/lib/i386/client/libjvm.so
0139d000-013aa000 rw-p 0046a000 08:05 1836815    /usr/lib/jvm/java-6-openjdk/jre/lib/i386/client/libjvm.so
013aa000-017c6000 rw-p 00000000 00:00 0 
075bf000-07987000 r-xp 00000000 08:05 1838289    /usr/lib/libgtk-x11-2.0.so.0.2200.0
07987000-0798b000 r--p 003c8000 08:05 1838289    /usr/lib/libgtk-x11-2.0.so.0.2200.0
0798b000-0798d000 rw-p 003cc000 08:05 1838289    /usr/lib/libgtk-x11-2.0.so.0.2200.0
0798d000-0798f000 rw-p 00000000 00:00 0 
08048000-08051000 r-xp 00000000 08:05 1836775    /usr/lib/jvm/java-6-openjdk/jre/bin/java
08051000-08052000 r--p 00008000 08:05 1836775    /usr/lib/jvm/java-6-openjdk/jre/bin/java
08052000-08053000 rw-p 00009000 08:05 1836775    /usr/lib/jvm/java-6-openjdk/jre/bin/java
09163000-093dd000 rw-p 00000000 00:00 0          [heap]
7b980000-7bed0000 rw-p 00000000 00:00 0 
7bed0000-82420000 rw-p 00000000 00:00 0 
82420000-82ed0000 rw-p 00000000 00:00 0 
82ed0000-8f980000 rw-p 00000000 00:00 0 
8f980000-90680000 rw-p 00000000 00:00 0 
90680000-93980000 rw-p 00000000 00:00 0 
93980000-940d9000 r--s 00001000 08:05 1836687    /usr/lib/jvm/java-6-openjdk/jre/lib/i386/client/classes.jsa
940d9000-94380000 rw-p 00000000 00:00 0 
94380000-94ac1000 rw-p 0075a000 08:05 1836687    /usr/lib/jvm/java-6-openjdk/jre/lib/i386/client/classes.jsa
94ac1000-94f80000 rw-p 00000000 00:00 0 
94f80000-9507b000 rw-p 00e9b000 08:05 1836687    /usr/lib/jvm/java-6-openjdk/jre/lib/i386/client/classes.jsa
9507b000-95380000 rw-p 00000000 00:00 0 
95380000-95388000 r-xs 00f96000 08:05 1836687    /usr/lib/jvm/java-6-openjdk/jre/lib/i386/client/classes.jsa
95388000-95780000 rw-p 00000000 00:00 0 
b40a0000-b4100000 rw-s 00000000 00:04 2097169    /SYSV00000000 (deleted)
b4100000-b4174000 rw-p 00000000 00:00 0 
b4174000-b4200000 ---p 00000000 00:00 0 
b4244000-b42a4000 rw-s 00000000 00:04 2064398    /SYSV00000000 (deleted)
b42fc000-b42ff000 ---p 00000000 00:00 0 
b42ff000-b43fd000 rw-p 00000000 00:00 0 
b43fd000-b4400000 ---p 00000000 00:00 0 
b4400000-b44fe000 rw-p 00000000 00:00 0 
b44fe000-b4501000 ---p 00000000 00:00 0 
b4501000-b45ff000 rw-p 00000000 00:00 0 
b45ff000-b4602000 ---p 00000000 00:00 0 
b4602000-b4700000 rw-p 00000000 00:00 0 
b4700000-b47ea000 rw-p 00000000 00:00 0 
b47ea000-b4800000 ---p 00000000 00:00 0 
b4822000-b4871000 r--p 00000000 08:05 2885934    /usr/share/fonts/truetype/ttf-dejavu/DejaVuSansMono.ttf
b4871000-b48c7000 r--p 00000000 08:05 2884271    /usr/share/fonts/truetype/ubuntu-font-family/Ubuntu-R.ttf
b48c7000-b48c8000 r--s 00000000 08:05 7616948    /var/cache/fontconfig/26de28bc8622bbc1fb67fd234c21975f-le32d4.cache-3
b48c8000-b48c9000 r--s 00000000 08:05 7602240    /var/cache/fontconfig/c05880de57d1f5e948fdfacc138775d9-le32d4.cache-3
b48c9000-b48cf000 r--s 00000000 08:05 7602237    /var/cache/fontconfig/945677eb7aeaf62f1d50efc3fb3ec7d8-le32d4.cache-3
b48cf000-b48d1000 r--s 00000000 08:05 7602238    /var/cache/fontconfig/99e8ed0e538f840c565b6ed5dad60d56-le32d4.cache-3
b48d1000-b48d4000 r--s 00000000 08:05 7602247    /var/cache/fontconfig/e383d7ea5fbe662a33d9b44caf393297-le32d4.cache-3
b48d4000-b48da000 r--s 00000000 08:05 7616949    /var/cache/fontconfig/401a5dd6b567794a1d18dd9342dfa604-le32d4.cache-3
b48da000-b48dd000 r--s 00000000 08:05 7603849    /var/cache/fontconfig/2cd17615ca594fa2959ae173292e504c-le32d4.cache-3
b48dd000-b48ff000 r--s 00000000 08:05 7616944    /var/cache/fontconfig/365b55f210c0a22e9a19e35191240f32-le32d4.cache-3
b48ff000-b4902000 ---p 00000000 00:00 0 
b4902000-b4a00000 rw-p 00000000 00:00 0 
b4a00000-b4b00000 rw-p 00000000 00:00 0 
b4b00000-b4b01000 r--s 00000000 08:05 7602248    /var/cache/fontconfig/e7071f4a29fa870f4323321c154eba04-le32d4.cache-3
b4b01000-b4b04000 r--s 00000000 08:05 7602234    /var/cache/fontconfig/6eb3985aa4124903f6ff08ba781cd364-le32d4.cache-3
b4b04000-b4b05000 r--s 00000000 08:05 7602230    /var/cache/fontconfig/4c73fe0c47614734b17d736dbde7580a-le32d4.cache-3
b4b05000-b4b06000 r--s 00000000 08:05 7602223    /var/cache/fontconfig/0d8c3b2ac0904cb8a57a757ad11a4a08-le32d4.cache-3
b4b06000-b4b07000 r--s 00000000 08:05 7602232    /var/cache/fontconfig/6a53c69dea097a2d716e069445527da8-le32d4.cache-3
b4b07000-b4b0b000 r--s 00000000 08:05 7602239    /var/cache/fontconfig/a755afe4a08bf5b97852ceb7400b47bc-le32d4.cache-3
b4b0b000-b4b12000 r--s 00000000 08:05 7613652    /var/cache/fontconfig/6d41288fd70b0be22e8c3a91e032eec0-le32d4.cache-3
b4b12000-b4b1d000 r--s 00000000 08:05 7602224    /var/cache/fontconfig/0f34bcd4b6ee430af32735b75db7f02b-le32d4.cache-3
b4b1d000-b4b20000 r--s 00000000 08:05 7602244    /var/cache/fontconfig/d60319d88cac85ba9e1a07bd06cfbb8c-le32d4.cache-3
b4b20000-b4b28000 r--s 00000000 08:05 7602243    /var/cache/fontconfig/d52a8644073d54c13679302ca1180695-le32d4.cache-3
b4b28000-b4b2a000 r--s 00000000 08:05 7603978    /var/cache/fontconfig/e13b20fdb08344e0e664864cc2ede53d-le32d4.cache-3
b4b2a000-b4b2d000 r--s 00000000 08:05 7616946    /var/cache/fontconfig/7ef2298fde41cc6eeb7af42e48b7d293-le32d4.cache-3
b4b2d000-b4b41000 r--s 00145000 08:05 6816240    /home/paul/.redcar/assets/swt/linux.jar
b4b41000-b4b48000 r--s 00000000 08:05 1836510    /usr/lib/gconv/gconv-modules.cache
b4b48000-b4b50000 r--s 00066000 08:05 2240884    /usr/share/java/gnome-java-bridge.jar
b4b50000-b4b51000 ---p 00000000 00:00 0 
b4b51000-b4bd1000 rw-p 00000000 00:00 0 
b4bd1000-b4bd4000 ---p 00000000 00:00 0 
b4bd4000-b4c52000 rw-p 00000000 00:00 0 
b4c52000-b4c55000 ---p 00000000 00:00 0 
b4c55000-b4d53000 rw-p 00000000 00:00 0 
b4d53000-b4f53000 r--p 00000000 08:05 1836422    /usr/lib/locale/locale-archive
b4f53000-b4f56000 ---p 00000000 00:00 0 
b4f56000-b5054000 rw-p 00000000 00:00 0 
b5054000-b5057000 ---p 00000000 00:00 0 
b5057000-b5155000 rw-p 00000000 00:00 0 
b5155000-b5156000 ---p 00000000 00:00 0 
b5156000-b51d6000 rw-p 00000000 00:00 0 
b51d6000-b52ac000 r--s 00a1b000 08:05 6816243    /home/paul/.redcar/assets/jruby-complete-1.5.3.jar
b52ac000-b52ae000 r--s 0001d000 08:05 1836739    /usr/lib/jvm/java-6-openjdk/jre/lib/plugin.jar
b52ae000-b52b3000 r--s 00044000 08:05 1836743    /usr/lib/jvm/java-6-openjdk/jre/lib/netx.jar
b52b3000-b52e6000 rw-p 00000000 00:00 0 
b52e6000-b5475000 r--s 038c2000 08:05 1837382    /usr/lib/jvm/java-6-openjdk/jre/lib/rt.jar
b5475000-b5489000 rw-p 00000000 00:00 0 
b5489000-b54a3000 rw-p 00000000 00:00 0 
b54a3000-b54a9000 rw-p 00000000 00:00 0 
b54a9000-b550e000 rw-p 00000000 00:00 0 
b550e000-b5511000 rw-p 00000000 00:00 0 
b5511000-b5543000 rw-p 00000000 00:00 0 
b5543000-b5549000 rw-p 00000000 00:00 0 
b5549000-b55ae000 rw-p 00000000 00:00 0 
b55ae000-b55b5000 rw-p 00000000 00:00 0 
b55b5000-b55ce000 rw-p 00000000 00:00 0 
b55ce000-b55e1000 rw-p 00000000 00:00 0 
b55e1000-b565a000 rw-p 00000000 00:00 0 
b565a000-b5802000 rwxp 00000000 00:00 0 
b5802000-b765a000 rw-p 00000000 00:00 0 
b765a000-b765d000 ---p 00000000 00:00 0 
b765d000-b775e000 rw-p 00000000 00:00 0 
b775e000-b775f000 r--s 00000000 08:05 7603853    /var/cache/fontconfig/4794a0821666d79190d59a36cb4f44b5-le32d4.cache-3
b775f000-b7762000 r--s 0000f000 08:05 1836763    /usr/lib/jvm/java-6-openjdk/jre/lib/ext/pulse-java.jar
b7762000-b7763000 r--p 002a1000 08:05 1836422    /usr/lib/locale/locale-archive
b7763000-b776b000 rw-s 00000000 08:05 923161     /tmp/hsperfdata_paul/5340
b776b000-b776c000 rw-p 00000000 00:00 0 
b776c000-b776d000 r--p 00000000 00:00 0 
b776d000-b776f000 rw-p 00000000 00:00 0 
bfbd0000-bfbf1000 rw-p 00000000 00:00 0          [stack]

VM Arguments:
jvm_args: -Xbootclasspath/a:/home/paul/.redcar/assets/jruby-complete-1.5.3.jar -Xmx320m -Xss1024k -Djruby.memory.max=320m -Djruby.stack.max=1024k 
java_command: org.jruby.Main /var/lib/gems/1.8/gems/redcar-0.9.2/bin/redcar . --no-sub-jruby --ignore-stdin
Launcher Type: SUN_STANDARD

Environment Variables:
PATH=/usr/local/sbin:/usr/local/bin:/usr/sbin:/usr/bin:/sbin:/bin:/usr/games:/var/lib/gems/1.8/bin
USERNAME=paul
LD_LIBRARY_PATH=/usr/lib/jvm/java-6-openjdk/jre/lib/i386/client:/usr/lib/jvm/java-6-openjdk/jre/lib/i386:/usr/lib/jvm/java-6-openjdk/jre/../lib/i386
SHELL=/bin/bash
DISPLAY=:0.0

Signal Handlers:
SIGSEGV: [libjvm.so+0x3ea1b0], sa_mask[0]=0x7ffbfeff, sa_flags=0x10000004
SIGBUS: [libjvm.so+0x3ea1b0], sa_mask[0]=0x7ffbfeff, sa_flags=0x10000004
SIGFPE: [libjvm.so+0x30d250], sa_mask[0]=0x7ffbfeff, sa_flags=0x10000004
SIGPIPE: SIG_IGN, sa_mask[0]=0x00001000, sa_flags=0x10000000
SIGXFSZ: [libjvm.so+0x30d250], sa_mask[0]=0x7ffbfeff, sa_flags=0x10000004
SIGILL: [libjvm.so+0x30d250], sa_mask[0]=0x7ffbfeff, sa_flags=0x10000004
SIGUSR1: SIG_DFL, sa_mask[0]=0x00000000, sa_flags=0x00000000
SIGUSR2: [libjvm.so+0x30c900], sa_mask[0]=0x00000000, sa_flags=0x10000004
SIGHUP: [libjvm.so+0x30f470], sa_mask[0]=0x7ffbfeff, sa_flags=0x10000004
SIGINT: [libjvm.so+0x30f470], sa_mask[0]=0x7ffbfeff, sa_flags=0x10000004
SIGTERM: [libjvm.so+0x30f470], sa_mask[0]=0x7ffbfeff, sa_flags=0x10000004
SIGQUIT: [libjvm.so+0x30f470], sa_mask[0]=0x7ffbfeff, sa_flags=0x10000004


---------------  S Y S T E M  ---------------

OS:Ubuntu 10.10 (maverick)
uname:Linux 2.6.35-27-generic #48-Ubuntu SMP Tue Feb 22 20:25:29 UTC 2011 i686
libc:glibc 2.12.1 NPTL 2.12.1 
rlimit: STACK 8192k, CORE 0k, NPROC infinity, NOFILE 1024, AS infinity
load average:0.16 0.05 0.06

/proc/meminfo:
MemTotal:        3056972 kB
MemFree:         1976996 kB
Buffers:          189172 kB
Cached:           535628 kB
SwapCached:            0 kB
Active:           491276 kB
Inactive:         462824 kB
Active(anon):     230668 kB
Inactive(anon):    81140 kB
Active(file):     260608 kB
Inactive(file):   381684 kB
Unevictable:          32 kB
Mlocked:              32 kB
HighTotal:       2196780 kB
HighFree:        1418680 kB
LowTotal:         860192 kB
LowFree:          558316 kB
SwapTotal:       5286908 kB
SwapFree:        5286908 kB
Dirty:              3516 kB
Writeback:             0 kB
AnonPages:        229368 kB
Mapped:           104272 kB
Shmem:             82480 kB
Slab:              75152 kB
SReclaimable:      63880 kB
SUnreclaim:        11272 kB
KernelStack:        2440 kB
PageTables:         5668 kB
NFS_Unstable:          0 kB
Bounce:                0 kB
WritebackTmp:          0 kB
CommitLimit:     6815392 kB
Committed_AS:    1210268 kB
VmallocTotal:     122880 kB
VmallocUsed:       33436 kB
VmallocChunk:      79872 kB
HardwareCorrupted:     0 kB
HugePages_Total:       0
HugePages_Free:        0
HugePages_Rsvd:        0
HugePages_Surp:        0
Hugepagesize:       4096 kB
DirectMap4k:       16376 kB
DirectMap4M:      892928 kB


CPU:total 2 (2 cores per cpu, 1 threads per core) family 6 model 23 stepping 10, cmov, cx8, fxsr, mmx, sse, sse2, sse3, ssse3

Memory: 4k page, physical 3056972k(1976996k free), swap 5286908k(5286908k free)

vm_info: OpenJDK Client VM (19.0-b09) for linux-x86 JRE (1.6.0_20-b20), built on Feb 23 2011 09:10:41 by "buildd" with gcc 4.4.5

time: Thu Mar  3 23:21:02 2011
elapsed time: 5 seconds

