#
# A fatal error has been detected by the Java Runtime Environment:
#
#  Internal Error (sharedRuntime.cpp:711), pid=1939, tid=3026180976
#  guarantee(cb->is_adapter_blob() || cb->is_method_handles_adapter_blob()) failed: exception happened outside interpreter, nmethods and vtable stubs (1)
#
# JRE version: 6.0_20-b20
# Java VM: OpenJDK Client VM (19.0-b09 mixed mode, sharing linux-x86 )
# Derivative: IcedTea6 1.9.7
# Distribution: Ubuntu 10.10, package 6b20-1.9.7-0ubuntu1
# If you would like to submit a bug report, please include
# instructions how to reproduce the bug and visit:
#   https://bugs.launchpad.net/ubuntu/+source/openjdk-6/
#

---------------  T H R E A D  ---------------

Current thread (0x08509800):  JavaThread "pool-1-thread-1" [_thread_in_Java, id=2021, stack(0xb44fd000,0xb45fe000)]

Stack: [0xb44fd000,0xb45fe000],  sp=0xb45fb2e0,  free space=1016k
Native frames: (J=compiled Java code, j=interpreted, Vv=VM code, C=native code)
V  [libjvm.so+0x3e95a7]
V  [libjvm.so+0x3e97f1]
V  [libjvm.so+0x17865e]
V  [libjvm.so+0x354d37]
V  [libjvm.so+0x3137e2]
V  [libjvm.so+0x30d276]
C  [+0x40c]  __kernel_rt_sigreturn+0x0
j  org.jruby.ext.posix.LinuxHeapFileStat.mode()I+4
j  org.jruby.ext.posix.BaseHeapFileStat.isDirectory()Z+1
j  org.jruby.RubyFileStat.directory_p()Lorg/jruby/RubyBoolean;+8
j  org.jruby.RubyFileStat$i_method_0_0$RUBYINVOKER$directory_p.call(Lorg/jruby/runtime/ThreadContext;Lorg/jruby/runtime/builtin/IRubyObject;Lorg/jruby/RubyModule;Ljava/lang/String;)Lorg/jruby/runtime/builtin/IRubyObject;+4
J  org.jruby.runtime.callsite.CachingCallSite.call(Lorg/jruby/runtime/ThreadContext;Lorg/jruby/runtime/builtin/IRubyObject;Lorg/jruby/runtime/builtin/IRubyObject;)Lorg/jruby/runtime/builtin/IRubyObject;
j  org.jruby.ast.RescueNode.interpretWithJavaExceptions(Lorg/jruby/Ruby;Lorg/jruby/runtime/ThreadContext;Lorg/jruby/runtime/builtin/IRubyObject;Lorg/jruby/runtime/Block;)Lorg/jruby/runtime/builtin/IRubyObject;+20
j  org.jruby.ast.RescueNode.interpret(Lorg/jruby/Ruby;Lorg/jruby/runtime/ThreadContext;Lorg/jruby/runtime/builtin/IRubyObject;Lorg/jruby/runtime/Block;)Lorg/jruby/runtime/builtin/IRubyObject;+6
j  org.jruby.ast.BeginNode.interpret(Lorg/jruby/Ruby;Lorg/jruby/runtime/ThreadContext;Lorg/jruby/runtime/builtin/IRubyObject;Lorg/jruby/runtime/Block;)Lorg/jruby/runtime/builtin/IRubyObject;+9
J  org.jruby.ast.NewlineNode.interpret(Lorg/jruby/Ruby;Lorg/jruby/runtime/ThreadContext;Lorg/jruby/runtime/builtin/IRubyObject;Lorg/jruby/runtime/Block;)Lorg/jruby/runtime/builtin/IRubyObject;
J  org.jruby.ast.NewlineNode.interpret(Lorg/jruby/Ruby;Lorg/jruby/runtime/ThreadContext;Lorg/jruby/runtime/builtin/IRubyObject;Lorg/jruby/runtime/Block;)Lorg/jruby/runtime/builtin/IRubyObject;
j  org.jruby.runtime.BlockBody.call(Lorg/jruby/runtime/ThreadContext;[Lorg/jruby/runtime/builtin/IRubyObject;Lorg/jruby/runtime/Binding;Lorg/jruby/runtime/Block$Type;Lorg/jruby/runtime/Block;)Lorg/jruby/runtime/builtin/IRubyObject;+27
j  org.jruby.runtime.Block.call(Lorg/jruby/runtime/ThreadContext;[Lorg/jruby/runtime/builtin/IRubyObject;Lorg/jruby/runtime/Block;)Lorg/jruby/runtime/builtin/IRubyObject;+15
j  org.jruby.RubyProc.call(Lorg/jruby/runtime/ThreadContext;[Lorg/jruby/runtime/builtin/IRubyObject;Lorg/jruby/runtime/builtin/IRubyObject;Lorg/jruby/runtime/Block;)Lorg/jruby/runtime/builtin/IRubyObject;+59
j  org.jruby.RubyProc.call(Lorg/jruby/runtime/ThreadContext;[Lorg/jruby/runtime/builtin/IRubyObject;Lorg/jruby/runtime/Block;)Lorg/jruby/runtime/builtin/IRubyObject;+5
j  org.jruby.RubyProc$i_method_0_0$RUBYFRAMEDINVOKER$call.call(Lorg/jruby/runtime/ThreadContext;Lorg/jruby/runtime/builtin/IRubyObject;Lorg/jruby/RubyModule;Ljava/lang/String;[Lorg/jruby/runtime/builtin/IRubyObject;Lorg/jruby/runtime/Block;)Lorg/jruby/runtime/builtin/IRubyObject;+19
j  org.jruby.internal.runtime.methods.DynamicMethod.call(Lorg/jruby/runtime/ThreadContext;Lorg/jruby/runtime/builtin/IRubyObject;Lorg/jruby/RubyModule;Ljava/lang/String;Lorg/jruby/runtime/Block;)Lorg/jruby/runtime/builtin/IRubyObject;+11
j  org.jruby.internal.runtime.methods.DynamicMethod.call(Lorg/jruby/runtime/ThreadContext;Lorg/jruby/runtime/builtin/IRubyObject;Lorg/jruby/RubyModule;Ljava/lang/String;)Lorg/jruby/runtime/builtin/IRubyObject;+9
J  org.jruby.runtime.callsite.CachingCallSite.call(Lorg/jruby/runtime/ThreadContext;Lorg/jruby/runtime/builtin/IRubyObject;Lorg/jruby/runtime/builtin/IRubyObject;)Lorg/jruby/runtime/builtin/IRubyObject;
j  org.jruby.ast.RescueNode.interpretWithJavaExceptions(Lorg/jruby/Ruby;Lorg/jruby/runtime/ThreadContext;Lorg/jruby/runtime/builtin/IRubyObject;Lorg/jruby/runtime/Block;)Lorg/jruby/runtime/builtin/IRubyObject;+20
j  org.jruby.ast.RescueNode.interpret(Lorg/jruby/Ruby;Lorg/jruby/runtime/ThreadContext;Lorg/jruby/runtime/builtin/IRubyObject;Lorg/jruby/runtime/Block;)Lorg/jruby/runtime/builtin/IRubyObject;+6
j  org.jruby.ast.BeginNode.interpret(Lorg/jruby/Ruby;Lorg/jruby/runtime/ThreadContext;Lorg/jruby/runtime/builtin/IRubyObject;Lorg/jruby/runtime/Block;)Lorg/jruby/runtime/builtin/IRubyObject;+9
J  org.jruby.ast.NewlineNode.interpret(Lorg/jruby/Ruby;Lorg/jruby/runtime/ThreadContext;Lorg/jruby/runtime/builtin/IRubyObject;Lorg/jruby/runtime/Block;)Lorg/jruby/runtime/builtin/IRubyObject;
j  org.jruby.internal.runtime.methods.DefaultMethod.call(Lorg/jruby/runtime/ThreadContext;Lorg/jruby/runtime/builtin/IRubyObject;Lorg/jruby/RubyModule;Ljava/lang/String;[Lorg/jruby/runtime/builtin/IRubyObject;Lorg/jruby/runtime/Block;)Lorg/jruby/runtime/builtin/IRubyObject;+26
j  Redcar$$Resource$$Task_491829945.call()Ljava/lang/Object;+37
j  java.util.concurrent.FutureTask$Sync.innerRun()V+29
j  java.util.concurrent.FutureTask.run()V+4
j  java.util.concurrent.ThreadPoolExecutor.runWorker(Ljava/util/concurrent/ThreadPoolExecutor$Worker;)V+46
j  java.util.concurrent.ThreadPoolExecutor$Worker.run()V+5
j  java.lang.Thread.run()V+11
v  ~StubRoutines::call_stub
V  [libjvm.so+0x209932]
V  [libjvm.so+0x30a509]
V  [libjvm.so+0x20886f]
V  [libjvm.so+0x2093ba]
V  [libjvm.so+0x209518]
V  [libjvm.so+0x253cdb]
V  [libjvm.so+0x3bb28c]
V  [libjvm.so+0x3bb352]
V  [libjvm.so+0x310f31]
C  [libpthread.so.0+0x5cc9]


---------------  P R O C E S S  ---------------

Java Threads: ( => current thread )
  0x084d2800 JavaThread "Thread-13" daemon [_thread_in_native, id=2023, stack(0xb3fff000,0xb4100000)]
  0xb41eb400 JavaThread "ReferenceReaper" daemon [_thread_blocked, id=2022, stack(0xb43fc000,0xb44fd000)]
=>0x08509800 JavaThread "pool-1-thread-1" [_thread_in_Java, id=2021, stack(0xb44fd000,0xb45fe000)]
  0x08279c00 JavaThread "Thread-6" daemon [_thread_blocked, id=2008, stack(0xb45fe000,0xb46ff000)]
  0xb4b00c00 JavaThread "Low Memory Detector" daemon [_thread_blocked, id=1969, stack(0xb49ff000,0xb4b00000)]
  0x081a9c00 JavaThread "CompilerThread0" daemon [_thread_blocked, id=1968, stack(0xb4cc5000,0xb4d46000)]
  0x081a8400 JavaThread "Signal Dispatcher" daemon [_thread_blocked, id=1967, stack(0xb4d46000,0xb4e47000)]
  0x081a4000 JavaThread "Finalizer" daemon [_thread_blocked, id=1966, stack(0xb5047000,0xb5148000)]
  0x0819f400 JavaThread "Reference Handler" daemon [_thread_blocked, id=1965, stack(0xb5148000,0xb5249000)]
  0x0812e400 JavaThread "main" [_thread_in_native, id=1963, stack(0xb774e000,0xb784f000)]

Other Threads:
  0x0819d800 VMThread [stack: 0xb5249000,0xb52ca000] [id=1964]
  0xb4b03000 WatcherThread [stack: 0xb4c44000,0xb4cc5000] [id=1970]

VM state:not at safepoint (normal execution)

VM Mutex/Monitor currently owned by a thread: None

Heap
 def new generation   total 14400K, used 10736K [0x7b980000, 0x7c920000, 0x82420000)
  eden space 12800K,  71% used [0x7b980000, 0x7c26c3e8, 0x7c600000)
  from space 1600K, 100% used [0x7c600000, 0x7c790000, 0x7c790000)
  to   space 1600K,   0% used [0x7c790000, 0x7c790000, 0x7c920000)
 tenured generation   total 31980K, used 30310K [0x82420000, 0x8435b000, 0x8f980000)
   the space 31980K,  94% used [0x82420000, 0x841b9918, 0x841b9a00, 0x8435b000)
 compacting perm gen  total 20992K, used 20904K [0x8f980000, 0x90e00000, 0x93980000)
   the space 20992K,  99% used [0x8f980000, 0x90dea320, 0x90dea400, 0x90e00000)
    ro space 10240K,  73% used [0x93980000, 0x940d8620, 0x940d8800, 0x94380000)
    rw space 12288K,  60% used [0x94380000, 0x94ac0f20, 0x94ac1000, 0x94f80000)

Dynamic libraries:
00110000-00123000 r-xp 00000000 08:05 2633569    /lib/libnsl-2.12.1.so
00123000-00124000 r--p 00012000 08:05 2633569    /lib/libnsl-2.12.1.so
00124000-00125000 rw-p 00013000 08:05 2633569    /lib/libnsl-2.12.1.so
00125000-00127000 rw-p 00000000 00:00 0 
00127000-0013b000 r-xp 00000000 08:05 1837379    /usr/lib/jvm/java-6-openjdk/jre/lib/i386/libnet.so
0013b000-0013c000 r--p 00013000 08:05 1837379    /usr/lib/jvm/java-6-openjdk/jre/lib/i386/libnet.so
0013c000-0013d000 rw-p 00014000 08:05 1837379    /usr/lib/jvm/java-6-openjdk/jre/lib/i386/libnet.so
0013d000-00141000 r-xp 00000000 08:05 1837866    /usr/lib/libXtst.so.6.1.0
00141000-00142000 r--p 00003000 08:05 1837866    /usr/lib/libXtst.so.6.1.0
00142000-00143000 rw-p 00004000 08:05 1837866    /usr/lib/libXtst.so.6.1.0
00143000-001d7000 r-xp 00000000 08:05 1838141    /usr/lib/libgdk-x11-2.0.so.0.2200.0
001d7000-001d9000 r--p 00094000 08:05 1838141    /usr/lib/libgdk-x11-2.0.so.0.2200.0
001d9000-001da000 rw-p 00096000 08:05 1838141    /usr/lib/libgdk-x11-2.0.so.0.2200.0
001da000-001e8000 r-xp 00000000 08:05 1837838    /usr/lib/libXext.so.6.4.0
001e8000-001e9000 r--p 0000d000 08:05 1837838    /usr/lib/libXext.so.6.4.0
001e9000-001ea000 rw-p 0000e000 08:05 1837838    /usr/lib/libXext.so.6.4.0
001ea000-001f2000 r-xp 00000000 08:05 1837860    /usr/lib/libXrender.so.1.3.0
001f2000-001f3000 r--p 00007000 08:05 1837860    /usr/lib/libXrender.so.1.3.0
001f3000-001f4000 rw-p 00008000 08:05 1837860    /usr/lib/libXrender.so.1.3.0
001f4000-001fc000 r-xp 00000000 08:05 1837832    /usr/lib/libXcursor.so.1.0.2
001fc000-001fd000 r--p 00007000 08:05 1837832    /usr/lib/libXcursor.so.1.0.2
001fd000-001fe000 rw-p 00008000 08:05 1837832    /usr/lib/libXcursor.so.1.0.2
001fe000-00208000 r-xp 00000000 08:05 1835260    /usr/lib/libpangocairo-1.0.so.0.2800.2
00208000-00209000 r--p 00009000 08:05 1835260    /usr/lib/libpangocairo-1.0.so.0.2800.2
00209000-0020a000 rw-p 0000a000 08:05 1835260    /usr/lib/libpangocairo-1.0.so.0.2800.2
0020a000-0020c000 r-xp 00000000 08:05 1837830    /usr/lib/libXcomposite.so.1.0.0
0020c000-0020d000 r--p 00001000 08:05 1837830    /usr/lib/libXcomposite.so.1.0.0
0020d000-0020e000 rw-p 00002000 08:05 1837830    /usr/lib/libXcomposite.so.1.0.0
0020e000-00226000 r-xp 00000000 08:05 1837901    /usr/lib/libatk-1.0.so.0.3209.1
00226000-00227000 ---p 00018000 08:05 1837901    /usr/lib/libatk-1.0.so.0.3209.1
00227000-00228000 r--p 00018000 08:05 1837901    /usr/lib/libatk-1.0.so.0.3209.1
00228000-00229000 rw-p 00019000 08:05 1837901    /usr/lib/libatk-1.0.so.0.3209.1
00229000-0022b000 r-xp 00000000 08:05 1836000    /usr/lib/libgmodule-2.0.so.0.2600.1
0022b000-0022c000 r--p 00002000 08:05 1836000    /usr/lib/libgmodule-2.0.so.0.2600.1
0022c000-0022d000 rw-p 00003000 08:05 1836000    /usr/lib/libgmodule-2.0.so.0.2600.1
0022d000-0022f000 r-xp 00000000 08:05 1838785    /usr/lib/libxcb-shm.so.0.0.0
0022f000-00230000 r--p 00001000 08:05 1838785    /usr/lib/libxcb-shm.so.0.0.0
00230000-00231000 rw-p 00002000 08:05 1838785    /usr/lib/libxcb-shm.so.0.0.0
00231000-00237000 r-xp 00000000 08:05 1838783    /usr/lib/libxcb-render.so.0.0.0
00237000-00238000 r--p 00005000 08:05 1838783    /usr/lib/libxcb-render.so.0.0.0
00238000-00239000 rw-p 00006000 08:05 1838783    /usr/lib/libxcb-render.so.0.0.0
00239000-0023b000 r-xp 00000000 08:05 1837825    /usr/lib/libXau.so.6.0.0
0023b000-0023c000 r--p 00001000 08:05 1837825    /usr/lib/libXau.so.6.0.0
0023c000-0023d000 rw-p 00002000 08:05 1837825    /usr/lib/libXau.so.6.0.0
0023d000-00241000 r-xp 00000000 08:05 1837836    /usr/lib/libXdmcp.so.6.0.0
00241000-00242000 r--p 00003000 08:05 1837836    /usr/lib/libXdmcp.so.6.0.0
00242000-00243000 rw-p 00004000 08:05 1837836    /usr/lib/libXdmcp.so.6.0.0
00244000-00268000 r-xp 00000000 08:05 2632687    /lib/libm-2.12.1.so
00268000-00269000 r--p 00023000 08:05 2632687    /lib/libm-2.12.1.so
00269000-0026a000 rw-p 00024000 08:05 2632687    /lib/libm-2.12.1.so
0026a000-0027a000 r-xp 00000000 08:05 2633578    /lib/libresolv-2.12.1.so
0027a000-0027b000 r--p 00010000 08:05 2633578    /lib/libresolv-2.12.1.so
0027b000-0027c000 rw-p 00011000 08:05 2633578    /lib/libresolv-2.12.1.so
0027c000-0027e000 rw-p 00000000 00:00 0 
0027e000-00282000 rwxp 00000000 00:00 0 
00283000-00286000 r-xp 00000000 08:05 923645     /tmp/swtlib-32/libswt-gtk-3555.so
00286000-00287000 rw-p 00002000 08:05 923645     /tmp/swtlib-32/libswt-gtk-3555.so
00287000-00288000 rw-p 00000000 00:00 0 
00288000-002ab000 r-xp 00000000 08:05 2621589    /lib/libpng12.so.0.44.0
002ab000-002ac000 r--p 00022000 08:05 2621589    /lib/libpng12.so.0.44.0
002ac000-002ad000 rw-p 00023000 08:05 2621589    /lib/libpng12.so.0.44.0
002ad000-002d1000 r-xp 00000000 08:05 1835948    /usr/lib/libpangoft2-1.0.so.0.2800.2
002d1000-002d2000 r--p 00023000 08:05 1835948    /usr/lib/libpangoft2-1.0.so.0.2800.2
002d2000-002d3000 rw-p 00024000 08:05 1835948    /usr/lib/libpangoft2-1.0.so.0.2800.2
002d3000-002d8000 r-xp 00000000 08:05 1841979    /usr/lib/gtk-2.0/modules/libcanberra-gtk-module.so
002d8000-002d9000 r--p 00004000 08:05 1841979    /usr/lib/gtk-2.0/modules/libcanberra-gtk-module.so
002d9000-002da000 rw-p 00005000 08:05 1841979    /usr/lib/gtk-2.0/modules/libcanberra-gtk-module.so
002da000-002de000 r-xp 00000000 08:05 1837954    /usr/lib/libcanberra-gtk.so.0.1.6
002de000-002df000 r--p 00003000 08:05 1837954    /usr/lib/libcanberra-gtk.so.0.1.6
002df000-002e0000 rw-p 00004000 08:05 1837954    /usr/lib/libcanberra-gtk.so.0.1.6
002e3000-002e9000 r-xp 00000000 08:05 1836807    /usr/lib/jvm/java-6-openjdk/jre/lib/i386/libzip.so
002e9000-002ea000 r--p 00005000 08:05 1836807    /usr/lib/jvm/java-6-openjdk/jre/lib/i386/libzip.so
002ea000-002eb000 rw-p 00006000 08:05 1836807    /usr/lib/jvm/java-6-openjdk/jre/lib/i386/libzip.so
002eb000-00305000 r-xp 00000000 08:05 2621601    /lib/libselinux.so.1
00305000-00306000 r--p 00019000 08:05 2621601    /lib/libselinux.so.1
00306000-00307000 rw-p 0001a000 08:05 2621601    /lib/libselinux.so.1
00307000-00315000 r-xp 00000000 08:05 1837956    /usr/lib/libcanberra.so.0.2.4
00315000-00316000 r--p 0000d000 08:05 1837956    /usr/lib/libcanberra.so.0.2.4
00316000-00317000 rw-p 0000e000 08:05 1837956    /usr/lib/libcanberra.so.0.2.4
00317000-00319000 r-xp 00000000 08:05 1836441    /usr/lib/pango/1.6.0/modules/pango-basic-fc.so
00319000-0031a000 r--p 00001000 08:05 1836441    /usr/lib/pango/1.6.0/modules/pango-basic-fc.so
0031a000-0031b000 rw-p 00002000 08:05 1836441    /usr/lib/pango/1.6.0/modules/pango-basic-fc.so
0031e000-00329000 r-xp 00000000 08:05 1837021    /usr/lib/jvm/java-6-openjdk/jre/lib/i386/libverify.so
00329000-0032a000 ---p 0000b000 08:05 1837021    /usr/lib/jvm/java-6-openjdk/jre/lib/i386/libverify.so
0032a000-0032b000 r--p 0000b000 08:05 1837021    /usr/lib/jvm/java-6-openjdk/jre/lib/i386/libverify.so
0032b000-0032c000 rw-p 0000c000 08:05 1837021    /usr/lib/jvm/java-6-openjdk/jre/lib/i386/libverify.so
0032c000-00333000 r-xp 00000000 08:05 1841958    /usr/lib/gtk-2.0/2.10.0/engines/libpixmap.so
00333000-00334000 ---p 00007000 08:05 1841958    /usr/lib/gtk-2.0/2.10.0/engines/libpixmap.so
00334000-00335000 r--p 00007000 08:05 1841958    /usr/lib/gtk-2.0/2.10.0/engines/libpixmap.so
00335000-00336000 rw-p 00008000 08:05 1841958    /usr/lib/gtk-2.0/2.10.0/engines/libpixmap.so
00337000-0033e000 r-xp 00000000 08:05 1838748    /usr/lib/libvorbisfile.so.3.3.2
0033e000-0033f000 r--p 00006000 08:05 1838748    /usr/lib/libvorbisfile.so.3.3.2
0033f000-00340000 rw-p 00007000 08:05 1838748    /usr/lib/libvorbisfile.so.3.3.2
00340000-00344000 r-xp 00000000 08:05 1841407    /usr/lib/gdk-pixbuf-2.0/2.10.0/loaders/libpixbufloader-png.so
00344000-00345000 r--p 00003000 08:05 1841407    /usr/lib/gdk-pixbuf-2.0/2.10.0/loaders/libpixbufloader-png.so
00345000-00346000 rw-p 00004000 08:05 1841407    /usr/lib/gdk-pixbuf-2.0/2.10.0/loaders/libpixbufloader-png.so
00346000-00348000 r-xp 00000000 08:05 2633582    /lib/libutil-2.12.1.so
00348000-00349000 r--p 00001000 08:05 2633582    /lib/libutil-2.12.1.so
00349000-0034a000 rw-p 00002000 08:05 2633582    /lib/libutil-2.12.1.so
00351000-00353000 r-xp 00000000 08:05 1837834    /usr/lib/libXdamage.so.1.1.0
00353000-00354000 r--p 00001000 08:05 1837834    /usr/lib/libXdamage.so.1.1.0
00354000-00355000 rw-p 00002000 08:05 1837834    /usr/lib/libXdamage.so.1.1.0
00355000-0035b000 r-xp 00000000 08:05 1837858    /usr/lib/libXrandr.so.2.2.0
0035b000-0035c000 r--p 00005000 08:05 1837858    /usr/lib/libXrandr.so.2.2.0
0035c000-0035d000 rw-p 00006000 08:05 1837858    /usr/lib/libXrandr.so.2.2.0
0035d000-00367000 r-xp 00000000 08:05 2621476    /lib/libudev.so.0.9.1
00367000-00368000 r--p 00009000 08:05 2621476    /lib/libudev.so.0.9.1
00368000-00369000 rw-p 0000a000 08:05 2621476    /lib/libudev.so.0.9.1
00369000-00373000 r-xp 00000000 08:05 2633572    /lib/libnss_files-2.12.1.so
00373000-00374000 r--p 00009000 08:05 2633572    /lib/libnss_files-2.12.1.so
00374000-00375000 rw-p 0000a000 08:05 2633572    /lib/libnss_files-2.12.1.so
00375000-00388000 r-xp 00000000 08:05 1835392    /usr/lib/libgvfscommon.so.0.0.0
00388000-00389000 r--p 00012000 08:05 1835392    /usr/lib/libgvfscommon.so.0.0.0
00389000-0038a000 rw-p 00013000 08:05 1835392    /usr/lib/libgvfscommon.so.0.0.0
0038a000-003ac000 r-xp 00000000 08:05 1836802    /usr/lib/jvm/java-6-openjdk/jre/lib/i386/libjava.so
003ac000-003ad000 r--p 00021000 08:05 1836802    /usr/lib/jvm/java-6-openjdk/jre/lib/i386/libjava.so
003ad000-003af000 rw-p 00022000 08:05 1836802    /usr/lib/jvm/java-6-openjdk/jre/lib/i386/libjava.so
003af000-00421000 r-xp 00000000 08:05 1835386    /usr/lib/libfreetype.so.6.6.0
00421000-00425000 r--p 00071000 08:05 1835386    /usr/lib/libfreetype.so.6.6.0
00425000-00426000 rw-p 00075000 08:05 1835386    /usr/lib/libfreetype.so.6.6.0
00436000-0043d000 r-xp 00000000 08:05 1838431    /usr/lib/libltdl.so.7.2.1
0043d000-0043e000 r--p 00006000 08:05 1838431    /usr/lib/libltdl.so.7.2.1
0043e000-0043f000 rw-p 00007000 08:05 1838431    /usr/lib/libltdl.so.7.2.1
00443000-00456000 r-xp 00000000 08:05 2621634    /lib/libz.so.1.2.3.4
00456000-00457000 r--p 00012000 08:05 2621634    /lib/libz.so.1.2.3.4
00457000-00458000 rw-p 00013000 08:05 2621634    /lib/libz.so.1.2.3.4
00458000-00506000 r-xp 00000000 08:05 1835402    /usr/lib/libcairo.so.2.11000.0
00506000-00507000 ---p 000ae000 08:05 1835402    /usr/lib/libcairo.so.2.11000.0
00507000-00508000 r--p 000ae000 08:05 1835402    /usr/lib/libcairo.so.2.11000.0
00508000-00509000 rw-p 000af000 08:05 1835402    /usr/lib/libcairo.so.2.11000.0
00509000-0050b000 rw-p 00000000 00:00 0 
00519000-0051f000 r-xp 00000000 08:05 1836837    /usr/lib/jvm/java-6-openjdk/jre/lib/i386/native_threads/libhpi.so
0051f000-00520000 r--p 00005000 08:05 1836837    /usr/lib/jvm/java-6-openjdk/jre/lib/i386/native_threads/libhpi.so
00520000-00521000 rw-p 00006000 08:05 1836837    /usr/lib/jvm/java-6-openjdk/jre/lib/i386/native_threads/libhpi.so
00521000-00554000 r-xp 00000000 08:05 2621577    /lib/libpcre.so.3.12.1
00554000-00555000 r--p 00032000 08:05 2621577    /lib/libpcre.so.3.12.1
00555000-00556000 rw-p 00033000 08:05 2621577    /lib/libpcre.so.3.12.1
00556000-00579000 r-xp 00000000 08:05 1839583    /usr/lib/gio/modules/libgvfsdbus.so
00579000-0057a000 r--p 00022000 08:05 1839583    /usr/lib/gio/modules/libgvfsdbus.so
0057a000-0057b000 rw-p 00023000 08:05 1839583    /usr/lib/gio/modules/libgvfsdbus.so
0057b000-00582000 r-xp 00000000 08:05 1836806    /usr/lib/jvm/java-6-openjdk/jre/lib/i386/libnio.so
00582000-00583000 r--p 00006000 08:05 1836806    /usr/lib/jvm/java-6-openjdk/jre/lib/i386/libnio.so
00583000-00584000 rw-p 00007000 08:05 1836806    /usr/lib/jvm/java-6-openjdk/jre/lib/i386/libnio.so
005a3000-005aa000 r-xp 00000000 08:05 2633579    /lib/librt-2.12.1.so
005aa000-005ab000 r--p 00006000 08:05 2633579    /lib/librt-2.12.1.so
005ab000-005ac000 rw-p 00007000 08:05 2633579    /lib/librt-2.12.1.so
005ad000-005c5000 r-xp 00000000 08:05 1838787    /usr/lib/libxcb.so.1.1.0
005c5000-005c6000 r--p 00017000 08:05 1838787    /usr/lib/libxcb.so.1.1.0
005c6000-005c7000 rw-p 00018000 08:05 1838787    /usr/lib/libxcb.so.1.1.0
005c7000-005ed000 r-xp 00000000 08:05 1838744    /usr/lib/libvorbis.so.0.4.4
005ed000-005ee000 r--p 00025000 08:05 1838744    /usr/lib/libvorbis.so.0.4.4
005ee000-005ef000 rw-p 00026000 08:05 1838744    /usr/lib/libvorbis.so.0.4.4
005fe000-0061a000 r-xp 00000000 08:05 2622348    /lib/ld-2.12.1.so
0061a000-0061b000 r--p 0001b000 08:05 2622348    /lib/ld-2.12.1.so
0061b000-0061c000 rw-p 0001c000 08:05 2622348    /lib/ld-2.12.1.so
0061c000-00735000 r-xp 00000000 08:05 1837821    /usr/lib/libX11.so.6.3.0
00735000-00736000 r--p 00118000 08:05 1837821    /usr/lib/libX11.so.6.3.0
00736000-00738000 rw-p 00119000 08:05 1837821    /usr/lib/libX11.so.6.3.0
00738000-00739000 rw-p 00000000 00:00 0 
0073b000-0073e000 r-xp 00000000 08:05 1836114    /usr/lib/libgthread-2.0.so.0.2600.1
0073e000-0073f000 r--p 00003000 08:05 1836114    /usr/lib/libgthread-2.0.so.0.2600.1
0073f000-00740000 rw-p 00004000 08:05 1836114    /usr/lib/libgthread-2.0.so.0.2600.1
00740000-0076d000 r-xp 00000000 08:05 1841957    /usr/lib/gtk-2.0/2.10.0/engines/libmurrine.so
0076d000-0076e000 r--p 0002c000 08:05 1841957    /usr/lib/gtk-2.0/2.10.0/engines/libmurrine.so
0076e000-0076f000 rw-p 0002d000 08:05 1841957    /usr/lib/gtk-2.0/2.10.0/engines/libmurrine.so
00785000-00791000 r-xp 00000000 08:05 1837846    /usr/lib/libXi.so.6.1.0
00791000-00792000 r--p 0000b000 08:05 1837846    /usr/lib/libXi.so.6.1.0
00792000-00793000 rw-p 0000c000 08:05 1837846    /usr/lib/libXi.so.6.1.0
007a8000-007ae000 r-xp 00000000 08:05 2633570    /lib/libnss_compat-2.12.1.so
007ae000-007af000 r--p 00006000 08:05 2633570    /lib/libnss_compat-2.12.1.so
007af000-007b0000 rw-p 00007000 08:05 2633570    /lib/libnss_compat-2.12.1.so
007c2000-007cf000 r-xp 00000000 08:05 1838693    /usr/lib/libtdb.so.1.2.1
007cf000-007d0000 r--p 0000c000 08:05 1838693    /usr/lib/libtdb.so.1.2.1
007d0000-007d1000 rw-p 0000d000 08:05 1838693    /usr/lib/libtdb.so.1.2.1
007db000-007dd000 r-xp 00000000 08:05 1837848    /usr/lib/libXinerama.so.1.0.0
007dd000-007de000 r--p 00001000 08:05 1837848    /usr/lib/libXinerama.so.1.0.0
007de000-007df000 rw-p 00002000 08:05 1837848    /usr/lib/libXinerama.so.1.0.0
00801000-00802000 r-xp 00000000 00:00 0          [vdso]
00802000-008ea000 r-xp 00000000 08:05 1836241    /usr/lib/libgio-2.0.so.0.2600.1
008ea000-008ec000 r--p 000e7000 08:05 1836241    /usr/lib/libgio-2.0.so.0.2600.1
008ec000-008ed000 rw-p 000e9000 08:05 1836241    /usr/lib/libgio-2.0.so.0.2600.1
008ed000-008ee000 rw-p 00000000 00:00 0 
0091e000-00922000 r-xp 00000000 08:05 1837840    /usr/lib/libXfixes.so.3.1.0
00922000-00923000 r--p 00003000 08:05 1837840    /usr/lib/libXfixes.so.3.1.0
00923000-00924000 rw-p 00004000 08:05 1837840    /usr/lib/libXfixes.so.3.1.0
00953000-00956000 r-xp 00000000 08:05 1836810    /usr/lib/jvm/java-6-openjdk/jre/lib/i386/jli/libjli.so
00956000-00957000 r--p 00002000 08:05 1836810    /usr/lib/jvm/java-6-openjdk/jre/lib/i386/jli/libjli.so
00957000-00958000 rw-p 00003000 08:05 1836810    /usr/lib/jvm/java-6-openjdk/jre/lib/i386/jli/libjli.so
00958000-00992000 r-xp 00000000 08:05 2621898    /lib/libdbus-1.so.3.5.2
00992000-00993000 r--p 00039000 08:05 2621898    /lib/libdbus-1.so.3.5.2
00993000-00994000 rw-p 0003a000 08:05 2621898    /lib/libdbus-1.so.3.5.2
00999000-009a4000 r-xp 00000000 08:05 923161     /tmp/jffi7227457611156048322.tmp
009a4000-009a5000 rw-p 0000a000 08:05 923161     /tmp/jffi7227457611156048322.tmp
009a5000-00a01000 r-xp 00000000 08:05 1838551    /usr/lib/libpixman-1.so.0.18.4
00a01000-00a04000 r--p 0005c000 08:05 1838551    /usr/lib/libpixman-1.so.0.18.4
00a04000-00a05000 rw-p 0005f000 08:05 1838551    /usr/lib/libpixman-1.so.0.18.4
00a22000-00b79000 r-xp 00000000 08:05 2632681    /lib/libc-2.12.1.so
00b79000-00b7b000 r--p 00157000 08:05 2632681    /lib/libc-2.12.1.so
00b7b000-00b7c000 rw-p 00159000 08:05 2632681    /lib/libc-2.12.1.so
00b7c000-00b7f000 rw-p 00000000 00:00 0 
00b87000-00b8c000 r-xp 00000000 08:05 1838508    /usr/lib/libogg.so.0.7.0
00b8c000-00b8d000 r--p 00004000 08:05 1838508    /usr/lib/libogg.so.0.7.0
00b8d000-00b8e000 rw-p 00005000 08:05 1838508    /usr/lib/libogg.so.0.7.0
00ba3000-00be4000 r-xp 00000000 08:05 1835150    /usr/lib/libgobject-2.0.so.0.2600.1
00be4000-00be5000 r--p 00040000 08:05 1835150    /usr/lib/libgobject-2.0.so.0.2600.1
00be5000-00be6000 rw-p 00041000 08:05 1835150    /usr/lib/libgobject-2.0.so.0.2600.1
00bf2000-00bfb000 r-xp 00000000 08:05 2633574    /lib/libnss_nis-2.12.1.so
00bfb000-00bfc000 r--p 00008000 08:05 2633574    /lib/libnss_nis-2.12.1.so
00bfc000-00bfd000 rw-p 00009000 08:05 2633574    /lib/libnss_nis-2.12.1.so
00c38000-00c3c000 r-xp 00000000 08:05 1835563    /usr/lib/gtk-2.0/2.10.0/immodules/im-ibus.so
00c3c000-00c3d000 r--p 00003000 08:05 1835563    /usr/lib/gtk-2.0/2.10.0/immodules/im-ibus.so
00c3d000-00c3e000 rw-p 00004000 08:05 1835563    /usr/lib/gtk-2.0/2.10.0/immodules/im-ibus.so
00c56000-00c6d000 r-xp 00000000 08:05 1838143    /usr/lib/libgdk_pixbuf-2.0.so.0.2200.0
00c6d000-00c6e000 r--p 00017000 08:05 1838143    /usr/lib/libgdk_pixbuf-2.0.so.0.2200.0
00c6e000-00c6f000 rw-p 00018000 08:05 1838143    /usr/lib/libgdk_pixbuf-2.0.so.0.2200.0
00c97000-00cac000 r-xp 00000000 08:05 2633577    /lib/libpthread-2.12.1.so
00cac000-00cad000 ---p 00015000 08:05 2633577    /lib/libpthread-2.12.1.so
00cad000-00cae000 r--p 00015000 08:05 2633577    /lib/libpthread-2.12.1.so
00cae000-00caf000 rw-p 00016000 08:05 2633577    /lib/libpthread-2.12.1.so
00caf000-00cb1000 rw-p 00000000 00:00 0 
00cb1000-00d7e000 r-xp 00000000 08:05 2621871    /lib/libglib-2.0.so.0.2600.1
00d7e000-00d7f000 r--p 000cc000 08:05 2621871    /lib/libglib-2.0.so.0.2600.1
00d7f000-00d80000 rw-p 000cd000 08:05 2621871    /lib/libglib-2.0.so.0.2600.1
00d80000-00dba000 r-xp 00000000 08:05 1835521    /usr/lib/libibus.so.2.0.0
00dba000-00dbb000 r--p 00039000 08:05 1835521    /usr/lib/libibus.so.2.0.0
00dbb000-00dbc000 rw-p 0003a000 08:05 1835521    /usr/lib/libibus.so.2.0.0
00dda000-00dfe000 r-xp 00000000 08:05 2621512    /lib/libexpat.so.1.5.2
00dfe000-00e00000 r--p 00024000 08:05 2621512    /lib/libexpat.so.1.5.2
00e00000-00e01000 rw-p 00026000 08:05 2621512    /lib/libexpat.so.1.5.2
00ecd000-00f0c000 r-xp 00000000 08:05 1835259    /usr/lib/libpango-1.0.so.0.2800.2
00f0c000-00f0d000 ---p 0003f000 08:05 1835259    /usr/lib/libpango-1.0.so.0.2800.2
00f0d000-00f0e000 r--p 0003f000 08:05 1835259    /usr/lib/libpango-1.0.so.0.2800.2
00f0e000-00f0f000 rw-p 00040000 08:05 1835259    /usr/lib/libpango-1.0.so.0.2800.2
00f46000-00f74000 r-xp 00000000 08:05 1838100    /usr/lib/libfontconfig.so.1.4.4
00f74000-00f75000 r--p 0002d000 08:05 1838100    /usr/lib/libfontconfig.so.1.4.4
00f75000-00f76000 rw-p 0002e000 08:05 1838100    /usr/lib/libfontconfig.so.1.4.4
00f7b000-00fd0000 r-xp 00000000 08:05 923646     /tmp/swtlib-32/libswt-pi-gtk-3555.so
00fd0000-00fd3000 rw-p 00054000 08:05 923646     /tmp/swtlib-32/libswt-pi-gtk-3555.so
00fd5000-00fd7000 r-xp 00000000 08:05 2632686    /lib/libdl-2.12.1.so
00fd7000-00fd8000 r--p 00001000 08:05 2632686    /lib/libdl-2.12.1.so
00fd8000-00fd9000 rw-p 00002000 08:05 2632686    /lib/libdl-2.12.1.so
00fd9000-0142c000 r-xp 00000000 08:05 1836815    /usr/lib/jvm/java-6-openjdk/jre/lib/i386/client/libjvm.so
0142c000-01443000 r--p 00453000 08:05 1836815    /usr/lib/jvm/java-6-openjdk/jre/lib/i386/client/libjvm.so
01443000-01450000 rw-p 0046a000 08:05 1836815    /usr/lib/jvm/java-6-openjdk/jre/lib/i386/client/libjvm.so
01450000-0186c000 rw-p 00000000 00:00 0 
0186c000-01c34000 r-xp 00000000 08:05 1838289    /usr/lib/libgtk-x11-2.0.so.0.2200.0
01c34000-01c38000 r--p 003c8000 08:05 1838289    /usr/lib/libgtk-x11-2.0.so.0.2200.0
01c38000-01c3a000 rw-p 003cc000 08:05 1838289    /usr/lib/libgtk-x11-2.0.so.0.2200.0
01c3a000-01c3c000 rw-p 00000000 00:00 0 
08048000-08051000 r-xp 00000000 08:05 1836775    /usr/lib/jvm/java-6-openjdk/jre/bin/java
08051000-08052000 r--p 00008000 08:05 1836775    /usr/lib/jvm/java-6-openjdk/jre/bin/java
08052000-08053000 rw-p 00009000 08:05 1836775    /usr/lib/jvm/java-6-openjdk/jre/bin/java
08128000-0858b000 rw-p 00000000 00:00 0          [heap]
7b980000-7c920000 rw-p 00000000 00:00 0 
7c920000-82420000 rw-p 00000000 00:00 0 
82420000-8435b000 rw-p 00000000 00:00 0 
8435b000-8f980000 rw-p 00000000 00:00 0 
8f980000-90e00000 rw-p 00000000 00:00 0 
90e00000-93980000 rw-p 00000000 00:00 0 
93980000-940d9000 r--s 00001000 08:05 1836687    /usr/lib/jvm/java-6-openjdk/jre/lib/i386/client/classes.jsa
940d9000-94380000 rw-p 00000000 00:00 0 
94380000-94ac1000 rw-p 0075a000 08:05 1836687    /usr/lib/jvm/java-6-openjdk/jre/lib/i386/client/classes.jsa
94ac1000-94f80000 rw-p 00000000 00:00 0 
94f80000-9507b000 rw-p 00e9b000 08:05 1836687    /usr/lib/jvm/java-6-openjdk/jre/lib/i386/client/classes.jsa
9507b000-95380000 rw-p 00000000 00:00 0 
95380000-95388000 r-xs 00f96000 08:05 1836687    /usr/lib/jvm/java-6-openjdk/jre/lib/i386/client/classes.jsa
95388000-95780000 rw-p 00000000 00:00 0 
b3e00000-b3e2b000 rw-p 00000000 00:00 0 
b3e2b000-b3f00000 ---p 00000000 00:00 0 
b3fff000-b4002000 ---p 00000000 00:00 0 
b4002000-b4100000 rw-p 00000000 00:00 0 
b4100000-b41fa000 rw-p 00000000 00:00 0 
b41fa000-b4200000 ---p 00000000 00:00 0 
b4299000-b42af000 r--s 001b0000 08:05 6816254    /home/paul/.redcar/assets/svnkit.jar
b42af000-b42d2000 r--s 00160000 08:05 6816242    /home/paul/.redcar/assets/bcprov-jdk14-139.jar
b42d2000-b42d7000 r--s 0002b000 08:05 6816255    /home/paul/.redcar/assets/bcmail-jdk14-139.jar
b42d7000-b42de000 r--s 0005c000 08:05 6816238    /home/paul/.redcar/assets/jopenssl.jar
b42de000-b42e1000 r--s 0001d000 08:05 6820872    /home/paul/.redcar/assets/java-mateview-0.9.2.jar
b42e1000-b42e4000 r--s 00023000 08:05 6816267    /home/paul/.redcar/assets/jdom.jar
b42e4000-b4344000 rw-s 00000000 00:04 1179665    /SYSV00000000 (deleted)
b4344000-b43a4000 rw-s 00000000 00:04 1146896    /SYSV00000000 (deleted)
b43a4000-b43a7000 r--s 00039000 08:05 6816251    /home/paul/.redcar/assets/jcodings.jar
b43a7000-b43aa000 r--s 0002a000 08:05 6816247    /home/paul/.redcar/assets/joni.jar
b43aa000-b43b0000 r--s 000fc000 08:05 1836771    /usr/lib/jvm/java-6-openjdk/jre/lib/resources.jar
b43b0000-b43b5000 r--s 00037000 08:05 6816259    /home/paul/.redcar/assets/jface/org.eclipse.text_3.5.0.v20090513-2000.jar
b43b5000-b43b8000 r--s 00017000 08:05 6816260    /home/paul/.redcar/assets/jface/org.eclipse.core.commands.jar
b43b8000-b43bb000 r--s 00016000 08:05 6816249    /home/paul/.redcar/assets/jface/org.eclipse.equinox.common.jar
b43bb000-b43cf000 r--s 000ef000 08:05 6816252    /home/paul/.redcar/assets/jface/org.eclipse.jface.jar
b43cf000-b43e2000 r--s 000da000 08:05 6816250    /home/paul/.redcar/assets/jface/org.eclipse.jface.text_3.5.0.jar
b43e2000-b43eb000 r--s 00037000 08:05 6816225    /home/paul/.redcar/assets/jface/org.eclipse.jface.databinding_1.3.0.I20090525-2000.jar
b43eb000-b43fc000 r--s 00102000 08:05 6816246    /home/paul/.redcar/assets/jface/org.eclipse.osgi.jar
b43fc000-b43ff000 ---p 00000000 00:00 0 
b43ff000-b44fd000 rw-p 00000000 00:00 0 
b44fd000-b4500000 ---p 00000000 00:00 0 
b4500000-b45fe000 rw-p 00000000 00:00 0 
b45fe000-b4601000 ---p 00000000 00:00 0 
b4601000-b46ff000 rw-p 00000000 00:00 0 
b46ff000-b4702000 ---p 00000000 00:00 0 
b4702000-b4800000 rw-p 00000000 00:00 0 
b4800000-b4900000 rw-p 00000000 00:00 0 
b4900000-b4902000 r--s 00013000 08:05 1836737    /usr/lib/jvm/java-6-openjdk/jre/lib/jce.jar
b4902000-b4906000 r--s 0007c000 08:05 1836735    /usr/lib/jvm/java-6-openjdk/jre/lib/jsse.jar
b4906000-b4910000 r--s 000a3000 08:05 6816239    /home/paul/.redcar/assets/jface/org.eclipse.core.resources.jar
b4910000-b495f000 r--p 00000000 08:05 2885934    /usr/share/fonts/truetype/ttf-dejavu/DejaVuSansMono.ttf
b495f000-b49b5000 r--p 00000000 08:05 2884271    /usr/share/fonts/truetype/ubuntu-font-family/Ubuntu-R.ttf
b49b5000-b49b6000 r--s 00000000 08:05 7616948    /var/cache/fontconfig/26de28bc8622bbc1fb67fd234c21975f-le32d4.cache-3
b49b6000-b49b7000 r--s 00000000 08:05 7602240    /var/cache/fontconfig/c05880de57d1f5e948fdfacc138775d9-le32d4.cache-3
b49b7000-b49bd000 r--s 00000000 08:05 7602237    /var/cache/fontconfig/945677eb7aeaf62f1d50efc3fb3ec7d8-le32d4.cache-3
b49bd000-b49bf000 r--s 00000000 08:05 7602238    /var/cache/fontconfig/99e8ed0e538f840c565b6ed5dad60d56-le32d4.cache-3
b49bf000-b49c2000 r--s 00000000 08:05 7602247    /var/cache/fontconfig/e383d7ea5fbe662a33d9b44caf393297-le32d4.cache-3
b49c2000-b49c8000 r--s 00000000 08:05 7616949    /var/cache/fontconfig/401a5dd6b567794a1d18dd9342dfa604-le32d4.cache-3
b49c8000-b49cb000 r--s 00000000 08:05 7603849    /var/cache/fontconfig/2cd17615ca594fa2959ae173292e504c-le32d4.cache-3
b49cb000-b49cc000 r--s 00000000 08:05 7602248    /var/cache/fontconfig/e7071f4a29fa870f4323321c154eba04-le32d4.cache-3
b49cc000-b49cf000 r--s 00000000 08:05 7602234    /var/cache/fontconfig/6eb3985aa4124903f6ff08ba781cd364-le32d4.cache-3
b49cf000-b49d0000 r--s 00000000 08:05 7602230    /var/cache/fontconfig/4c73fe0c47614734b17d736dbde7580a-le32d4.cache-3
b49d0000-b49d1000 r--s 00000000 08:05 7602223    /var/cache/fontconfig/0d8c3b2ac0904cb8a57a757ad11a4a08-le32d4.cache-3
b49d1000-b49d2000 r--s 00000000 08:05 7602232    /var/cache/fontconfig/6a53c69dea097a2d716e069445527da8-le32d4.cache-3
b49d2000-b49d6000 r--s 00000000 08:05 7602239    /var/cache/fontconfig/a755afe4a08bf5b97852ceb7400b47bc-le32d4.cache-3
b49d6000-b49dd000 r--s 00000000 08:05 7613652    /var/cache/fontconfig/6d41288fd70b0be22e8c3a91e032eec0-le32d4.cache-3
b49dd000-b49ff000 r--s 00000000 08:05 7616944    /var/cache/fontconfig/365b55f210c0a22e9a19e35191240f32-le32d4.cache-3
b49ff000-b4a02000 ---p 00000000 00:00 0 
b4a02000-b4b00000 rw-p 00000000 00:00 0 
b4b00000-b4bf9000 rw-p 00000000 00:00 0 
b4bf9000-b4c00000 ---p 00000000 00:00 0 
b4c00000-b4c02000 r--s 00000000 08:05 6820838    /home/paul/.redcar/assets/application_swt-0.9.2.jar
b4c02000-b4c04000 r--s 00010000 08:05 6816257    /home/paul/.redcar/assets/jface/org.eclipse.core.runtime_3.5.0.v20090525.jar
b4c04000-b4c06000 r--s 00012000 08:05 6816233    /home/paul/.redcar/assets/jface/org.eclipse.core.jobs.jar
b4c06000-b4c11000 r--s 00000000 08:05 7602224    /var/cache/fontconfig/0f34bcd4b6ee430af32735b75db7f02b-le32d4.cache-3
b4c11000-b4c14000 r--s 00000000 08:05 7602244    /var/cache/fontconfig/d60319d88cac85ba9e1a07bd06cfbb8c-le32d4.cache-3
b4c14000-b4c1c000 r--s 00000000 08:05 7602243    /var/cache/fontconfig/d52a8644073d54c13679302ca1180695-le32d4.cache-3
b4c1c000-b4c1e000 r--s 00000000 08:05 7603978    /var/cache/fontconfig/e13b20fdb08344e0e664864cc2ede53d-le32d4.cache-3
b4c1e000-b4c21000 r--s 00000000 08:05 7616946    /var/cache/fontconfig/7ef2298fde41cc6eeb7af42e48b7d293-le32d4.cache-3
b4c21000-b4c35000 r--s 00145000 08:05 6816240    /home/paul/.redcar/assets/swt/linux.jar
b4c35000-b4c3c000 r--s 00000000 08:05 1836510    /usr/lib/gconv/gconv-modules.cache
b4c3c000-b4c44000 r--s 00066000 08:05 2240884    /usr/share/java/gnome-java-bridge.jar
b4c44000-b4c45000 ---p 00000000 00:00 0 
b4c45000-b4cc5000 rw-p 00000000 00:00 0 
b4cc5000-b4cc8000 ---p 00000000 00:00 0 
b4cc8000-b4d46000 rw-p 00000000 00:00 0 
b4d46000-b4d49000 ---p 00000000 00:00 0 
b4d49000-b4e47000 rw-p 00000000 00:00 0 
b4e47000-b5047000 r--p 00000000 08:05 1836422    /usr/lib/locale/locale-archive
b5047000-b504a000 ---p 00000000 00:00 0 
b504a000-b5148000 rw-p 00000000 00:00 0 
b5148000-b514b000 ---p 00000000 00:00 0 
b514b000-b5249000 rw-p 00000000 00:00 0 
b5249000-b524a000 ---p 00000000 00:00 0 
b524a000-b52ca000 rw-p 00000000 00:00 0 
b52ca000-b53a0000 r--s 00a1b000 08:05 6816243    /home/paul/.redcar/assets/jruby-complete-1.5.3.jar
b53a0000-b53a2000 r--s 0001d000 08:05 1836739    /usr/lib/jvm/java-6-openjdk/jre/lib/plugin.jar
b53a2000-b53a7000 r--s 00044000 08:05 1836743    /usr/lib/jvm/java-6-openjdk/jre/lib/netx.jar
b53a7000-b53da000 rw-p 00000000 00:00 0 
b53da000-b5569000 r--s 038c2000 08:05 1837382    /usr/lib/jvm/java-6-openjdk/jre/lib/rt.jar
b5569000-b5581000 rw-p 00000000 00:00 0 
b5581000-b5597000 rw-p 00000000 00:00 0 
b5597000-b55a7000 rw-p 00000000 00:00 0 
b55a7000-b5602000 rw-p 00000000 00:00 0 
b5602000-b560a000 rw-p 00000000 00:00 0 
b560a000-b5637000 rw-p 00000000 00:00 0 
b5637000-b5647000 rw-p 00000000 00:00 0 
b5647000-b56a2000 rw-p 00000000 00:00 0 
b56a2000-b56ad000 rw-p 00000000 00:00 0 
b56ad000-b56c2000 rw-p 00000000 00:00 0 
b56c2000-b56dd000 rw-p 00000000 00:00 0 
b56dd000-b574e000 rw-p 00000000 00:00 0 
b574e000-b5b0e000 rwxp 00000000 00:00 0 
b5b0e000-b774e000 rw-p 00000000 00:00 0 
b774e000-b7751000 ---p 00000000 00:00 0 
b7751000-b7852000 rw-p 00000000 00:00 0 
b7852000-b7853000 r--s 00000000 08:05 7603853    /var/cache/fontconfig/4794a0821666d79190d59a36cb4f44b5-le32d4.cache-3
b7853000-b7856000 r--s 0000f000 08:05 1836763    /usr/lib/jvm/java-6-openjdk/jre/lib/ext/pulse-java.jar
b7856000-b7857000 r--p 002a1000 08:05 1836422    /usr/lib/locale/locale-archive
b7857000-b785f000 rw-s 00000000 08:05 923160     /tmp/hsperfdata_paul/1939
b785f000-b7860000 rw-p 00000000 00:00 0 
b7860000-b7861000 r--p 00000000 00:00 0 
b7861000-b7863000 rw-p 00000000 00:00 0 
bf91e000-bf93f000 rw-p 00000000 00:00 0          [stack]

VM Arguments:
jvm_args: -Xbootclasspath/a:/home/paul/.redcar/assets/jruby-complete-1.5.3.jar -Xmx320m -Xss1024k -Djruby.memory.max=320m -Djruby.stack.max=1024k 
java_command: org.jruby.Main /var/lib/gems/1.8/gems/redcar-0.9.2/bin/redcar . --no-sub-jruby --ignore-stdin
Launcher Type: SUN_STANDARD

Environment Variables:
PATH=/usr/local/sbin:/usr/local/bin:/usr/sbin:/usr/bin:/sbin:/bin:/usr/games:/var/lib/gems/1.8/bin
USERNAME=paul
LD_LIBRARY_PATH=/usr/lib/jvm/java-6-openjdk/jre/lib/i386/client:/usr/lib/jvm/java-6-openjdk/jre/lib/i386:/usr/lib/jvm/java-6-openjdk/jre/../lib/i386
SHELL=/bin/bash
DISPLAY=:0.0

Signal Handlers:
SIGSEGV: [libjvm.so+0x3ea1b0], sa_mask[0]=0x7ffbfeff, sa_flags=0x10000004
SIGBUS: [libjvm.so+0x3ea1b0], sa_mask[0]=0x7ffbfeff, sa_flags=0x10000004
SIGFPE: [libjvm.so+0x30d250], sa_mask[0]=0x7ffbfeff, sa_flags=0x10000004
SIGPIPE: SIG_IGN, sa_mask[0]=0x00001000, sa_flags=0x10000000
SIGXFSZ: [libjvm.so+0x30d250], sa_mask[0]=0x7ffbfeff, sa_flags=0x10000004
SIGILL: [libjvm.so+0x30d250], sa_mask[0]=0x7ffbfeff, sa_flags=0x10000004
SIGUSR1: SIG_DFL, sa_mask[0]=0x00000000, sa_flags=0x00000000
SIGUSR2: [libjvm.so+0x30c900], sa_mask[0]=0x00000000, sa_flags=0x10000004
SIGHUP: [libjvm.so+0x30f470], sa_mask[0]=0x7ffbfeff, sa_flags=0x10000004
SIGINT: [libjvm.so+0x30f470], sa_mask[0]=0x7ffbfeff, sa_flags=0x10000004
SIGTERM: [libjvm.so+0x30f470], sa_mask[0]=0x7ffbfeff, sa_flags=0x10000004
SIGQUIT: [libjvm.so+0x30f470], sa_mask[0]=0x7ffbfeff, sa_flags=0x10000004


---------------  S Y S T E M  ---------------

OS:Ubuntu 10.10 (maverick)
uname:Linux 2.6.35-27-generic #48-Ubuntu SMP Tue Feb 22 20:25:29 UTC 2011 i686
libc:glibc 2.12.1 NPTL 2.12.1 
rlimit: STACK 8192k, CORE 0k, NPROC infinity, NOFILE 1024, AS infinity
load average:0.30 0.29 0.21

/proc/meminfo:
MemTotal:        3056972 kB
MemFree:         2125852 kB
Buffers:           74564 kB
Cached:           417844 kB
SwapCached:            0 kB
Active:           476480 kB
Inactive:         378888 kB
Active(anon):     364076 kB
Inactive(anon):    74932 kB
Active(file):     112404 kB
Inactive(file):   303956 kB
Unevictable:          32 kB
Mlocked:              32 kB
HighTotal:       2196780 kB
HighFree:        1403428 kB
LowTotal:         860192 kB
LowFree:          722424 kB
SwapTotal:       5286908 kB
SwapFree:        5286908 kB
Dirty:               956 kB
Writeback:             0 kB
AnonPages:        362992 kB
Mapped:           109708 kB
Shmem:             76048 kB
Slab:              31292 kB
SReclaimable:      19944 kB
SUnreclaim:        11348 kB
KernelStack:        2456 kB
PageTables:         5836 kB
NFS_Unstable:          0 kB
Bounce:                0 kB
WritebackTmp:          0 kB
CommitLimit:     6815392 kB
Committed_AS:    1378760 kB
VmallocTotal:     122880 kB
VmallocUsed:       33320 kB
VmallocChunk:      73564 kB
HardwareCorrupted:     0 kB
HugePages_Total:       0
HugePages_Free:        0
HugePages_Rsvd:        0
HugePages_Surp:        0
Hugepagesize:       4096 kB
DirectMap4k:       16376 kB
DirectMap4M:      892928 kB


CPU:total 2 (2 cores per cpu, 1 threads per core) family 6 model 23 stepping 10, cmov, cx8, fxsr, mmx, sse, sse2, sse3, ssse3

Memory: 4k page, physical 3056972k(2125852k free), swap 5286908k(5286908k free)

vm_info: OpenJDK Client VM (19.0-b09) for linux-x86 JRE (1.6.0_20-b20), built on Feb 23 2011 09:10:41 by "buildd" with gcc 4.4.5

time: Wed Apr  6 23:28:32 2011
elapsed time: 15 seconds

